{"F:\\Travo\\TRAVEL-AND-EXPLORATION-MOBILE-APP\\backend\\app.js": {"path":"F:\\Travo\\TRAVEL-AND-EXPLORATION-MOBILE-APP\\backend\\app.js","statementMap":{"0":{"start":{"line":1,"column":16},"end":{"line":1,"column":34}},"1":{"start":{"line":2,"column":13},"end":{"line":2,"column":28}},"2":{"start":{"line":3,"column":15},"end":{"line":3,"column":32}},"3":{"start":{"line":4,"column":15},"end":{"line":4,"column":41}},"4":{"start":{"line":5,"column":21},"end":{"line":5,"column":57}},"5":{"start":{"line":6,"column":21},"end":{"line":6,"column":57}},"6":{"start":{"line":7,"column":19},"end":{"line":7,"column":43}},"7":{"start":{"line":8,"column":20},"end":{"line":8,"column":45}},"8":{"start":{"line":9,"column":19},"end":{"line":9,"column":43}},"9":{"start":{"line":10,"column":22},"end":{"line":10,"column":49}},"10":{"start":{"line":11,"column":27},"end":{"line":11,"column":59}},"11":{"start":{"line":12,"column":21},"end":{"line":12,"column":47}},"12":{"start":{"line":13,"column":13},"end":{"line":13,"column":41}},"13":{"start":{"line":15,"column":12},"end":{"line":15,"column":21}},"14":{"start":{"line":18,"column":0},"end":{"line":18,"column":16}},"15":{"start":{"line":19,"column":0},"end":{"line":19,"column":41}},"16":{"start":{"line":20,"column":0},"end":{"line":20,"column":63}},"17":{"start":{"line":23,"column":0},"end":{"line":23,"column":55}},"18":{"start":{"line":26,"column":0},"end":{"line":28,"column":3}},"19":{"start":{"line":27,"column":2},"end":{"line":27,"column":41}},"20":{"start":{"line":31,"column":0},"end":{"line":37,"column":3}},"21":{"start":{"line":32,"column":2},"end":{"line":36,"column":5}},"22":{"start":{"line":40,"column":0},"end":{"line":40,"column":33}},"23":{"start":{"line":41,"column":0},"end":{"line":41,"column":42}},"24":{"start":{"line":42,"column":0},"end":{"line":42,"column":40}},"25":{"start":{"line":43,"column":0},"end":{"line":43,"column":46}},"26":{"start":{"line":44,"column":0},"end":{"line":44,"column":56}},"27":{"start":{"line":45,"column":0},"end":{"line":45,"column":37}},"28":{"start":{"line":48,"column":0},"end":{"line":50,"column":3}},"29":{"start":{"line":49,"column":2},"end":{"line":49,"column":75}},"30":{"start":{"line":53,"column":0},"end":{"line":53,"column":22}},"31":{"start":{"line":56,"column":0},"end":{"line":63,"column":3}},"32":{"start":{"line":57,"column":2},"end":{"line":61,"column":5}},"33":{"start":{"line":62,"column":2},"end":{"line":62,"column":18}},"34":{"start":{"line":66,"column":0},"end":{"line":73,"column":3}},"35":{"start":{"line":67,"column":2},"end":{"line":71,"column":5}},"36":{"start":{"line":72,"column":2},"end":{"line":72,"column":18}},"37":{"start":{"line":75,"column":0},"end":{"line":75,"column":21}}},"fnMap":{"0":{"name":"(anonymous_0)","decl":{"start":{"line":26,"column":19},"end":{"line":26,"column":20}},"loc":{"start":{"line":26,"column":33},"end":{"line":28,"column":1}},"line":26},"1":{"name":"(anonymous_1)","decl":{"start":{"line":31,"column":23},"end":{"line":31,"column":24}},"loc":{"start":{"line":31,"column":37},"end":{"line":37,"column":1}},"line":31},"2":{"name":"(anonymous_2)","decl":{"start":{"line":48,"column":13},"end":{"line":48,"column":14}},"loc":{"start":{"line":48,"column":33},"end":{"line":50,"column":1}},"line":48},"3":{"name":"(anonymous_3)","decl":{"start":{"line":56,"column":33},"end":{"line":56,"column":34}},"loc":{"start":{"line":56,"column":42},"end":{"line":63,"column":1}},"line":56},"4":{"name":"(anonymous_4)","decl":{"start":{"line":66,"column":32},"end":{"line":66,"column":33}},"loc":{"start":{"line":66,"column":41},"end":{"line":73,"column":1}},"line":66}},"branchMap":{},"s":{"0":2,"1":2,"2":2,"3":2,"4":2,"5":2,"6":2,"7":2,"8":2,"9":2,"10":2,"11":2,"12":2,"13":2,"14":2,"15":2,"16":2,"17":2,"18":2,"19":1,"20":2,"21":1,"22":2,"23":2,"24":2,"25":2,"26":2,"27":2,"28":2,"29":0,"30":2,"31":2,"32":0,"33":0,"34":2,"35":0,"36":0,"37":2},"f":{"0":1,"1":1,"2":0,"3":0,"4":0},"b":{},"_coverageSchema":"1a1c01bbd47fc00a2c39e90264f33305004495a9","hash":"cb5365c2c1766a9db737bc79651822bdda5c65d8"}
,"F:\\Travo\\TRAVEL-AND-EXPLORATION-MOBILE-APP\\backend\\config\\logger.js": {"path":"F:\\Travo\\TRAVEL-AND-EXPLORATION-MOBILE-APP\\backend\\config\\logger.js","statementMap":{"0":{"start":{"line":1,"column":16},"end":{"line":1,"column":34}},"1":{"start":{"line":2,"column":13},"end":{"line":2,"column":28}},"2":{"start":{"line":5,"column":18},"end":{"line":10,"column":1}},"3":{"start":{"line":13,"column":15},"end":{"line":19,"column":1}},"4":{"start":{"line":22,"column":14},"end":{"line":25,"column":1}},"5":{"start":{"line":23,"column":14},"end":{"line":23,"column":51}},"6":{"start":{"line":24,"column":2},"end":{"line":24,"column":50}},"7":{"start":{"line":28,"column":15},"end":{"line":47,"column":2}},"8":{"start":{"line":50,"column":0},"end":{"line":57,"column":1}},"9":{"start":{"line":51,"column":2},"end":{"line":56,"column":6}},"10":{"start":{"line":60,"column":0},"end":{"line":62,"column":2}},"11":{"start":{"line":61,"column":22},"end":{"line":61,"column":49}},"12":{"start":{"line":64,"column":0},"end":{"line":64,"column":24}}},"fnMap":{"0":{"name":"(anonymous_0)","decl":{"start":{"line":22,"column":14},"end":{"line":22,"column":15}},"loc":{"start":{"line":22,"column":20},"end":{"line":25,"column":1}},"line":22},"1":{"name":"(anonymous_1)","decl":{"start":{"line":61,"column":9},"end":{"line":61,"column":10}},"loc":{"start":{"line":61,"column":22},"end":{"line":61,"column":49}},"line":61}},"branchMap":{"0":{"loc":{"start":{"line":23,"column":14},"end":{"line":23,"column":51}},"type":"binary-expr","locations":[{"start":{"line":23,"column":14},"end":{"line":23,"column":34}},{"start":{"line":23,"column":38},"end":{"line":23,"column":51}}],"line":23},"1":{"loc":{"start":{"line":24,"column":9},"end":{"line":24,"column":49}},"type":"cond-expr","locations":[{"start":{"line":24,"column":33},"end":{"line":24,"column":40}},{"start":{"line":24,"column":43},"end":{"line":24,"column":49}}],"line":24},"2":{"loc":{"start":{"line":50,"column":0},"end":{"line":57,"column":1}},"type":"if","locations":[{"start":{"line":50,"column":0},"end":{"line":57,"column":1}},{"start":{},"end":{}}],"line":50}},"s":{"0":2,"1":2,"2":2,"3":2,"4":2,"5":2,"6":2,"7":2,"8":2,"9":2,"10":2,"11":2,"12":2},"f":{"0":2,"1":2},"b":{"0":[2,0],"1":[0,2],"2":[2,0]},"_coverageSchema":"1a1c01bbd47fc00a2c39e90264f33305004495a9","hash":"007c2714cf204ff2de1690890fb2c1719748d169"}
,"F:\\Travo\\TRAVEL-AND-EXPLORATION-MOBILE-APP\\backend\\controllers\\authController.js": {"path":"F:\\Travo\\TRAVEL-AND-EXPLORATION-MOBILE-APP\\backend\\controllers\\authController.js","statementMap":{"0":{"start":{"line":1,"column":13},"end":{"line":1,"column":38}},"1":{"start":{"line":2,"column":16},"end":{"line":2,"column":44}},"2":{"start":{"line":3,"column":15},"end":{"line":3,"column":34}},"3":{"start":{"line":4,"column":12},"end":{"line":4,"column":35}},"4":{"start":{"line":5,"column":15},"end":{"line":5,"column":42}},"5":{"start":{"line":6,"column":21},"end":{"line":6,"column":58}},"6":{"start":{"line":8,"column":0},"end":{"line":111,"column":2}},"7":{"start":{"line":9,"column":2},"end":{"line":110,"column":3}},"8":{"start":{"line":10,"column":4},"end":{"line":13,"column":7}},"9":{"start":{"line":15,"column":79},"end":{"line":15,"column":87}},"10":{"start":{"line":18,"column":4},"end":{"line":20,"column":5}},"11":{"start":{"line":19,"column":6},"end":{"line":19,"column":57}},"12":{"start":{"line":23,"column":4},"end":{"line":25,"column":5}},"13":{"start":{"line":24,"column":6},"end":{"line":24,"column":75}},"14":{"start":{"line":28,"column":25},"end":{"line":28,"column":54}},"15":{"start":{"line":29,"column":4},"end":{"line":31,"column":5}},"16":{"start":{"line":30,"column":6},"end":{"line":30,"column":58}},"17":{"start":{"line":34,"column":4},"end":{"line":39,"column":5}},"18":{"start":{"line":35,"column":31},"end":{"line":35,"column":63}},"19":{"start":{"line":36,"column":6},"end":{"line":38,"column":7}},"20":{"start":{"line":37,"column":8},"end":{"line":37,"column":58}},"21":{"start":{"line":42,"column":17},"end":{"line":42,"column":41}},"22":{"start":{"line":43,"column":27},"end":{"line":43,"column":60}},"23":{"start":{"line":46,"column":21},"end":{"line":53,"column":5}},"24":{"start":{"line":56,"column":17},"end":{"line":56,"column":35}},"25":{"start":{"line":57,"column":4},"end":{"line":57,"column":22}},"26":{"start":{"line":60,"column":24},"end":{"line":71,"column":5}},"27":{"start":{"line":73,"column":20},"end":{"line":73,"column":44}},"28":{"start":{"line":74,"column":4},"end":{"line":74,"column":25}},"29":{"start":{"line":77,"column":18},"end":{"line":84,"column":5}},"30":{"start":{"line":86,"column":4},"end":{"line":89,"column":7}},"31":{"start":{"line":92,"column":4},"end":{"line":102,"column":7}},"32":{"start":{"line":105,"column":4},"end":{"line":108,"column":7}},"33":{"start":{"line":109,"column":4},"end":{"line":109,"column":16}},"34":{"start":{"line":113,"column":0},"end":{"line":178,"column":2}},"35":{"start":{"line":114,"column":2},"end":{"line":177,"column":3}},"36":{"start":{"line":115,"column":32},"end":{"line":115,"column":40}},"37":{"start":{"line":118,"column":4},"end":{"line":120,"column":5}},"38":{"start":{"line":119,"column":6},"end":{"line":119,"column":72}},"39":{"start":{"line":123,"column":17},"end":{"line":123,"column":68}},"40":{"start":{"line":124,"column":4},"end":{"line":131,"column":5}},"41":{"start":{"line":126,"column":6},"end":{"line":129,"column":9}},"42":{"start":{"line":130,"column":6},"end":{"line":130,"column":66}},"43":{"start":{"line":134,"column":28},"end":{"line":134,"column":73}},"44":{"start":{"line":135,"column":4},"end":{"line":142,"column":5}},"45":{"start":{"line":137,"column":6},"end":{"line":140,"column":9}},"46":{"start":{"line":141,"column":6},"end":{"line":141,"column":52}},"47":{"start":{"line":145,"column":18},"end":{"line":149,"column":5}},"48":{"start":{"line":151,"column":4},"end":{"line":154,"column":7}},"49":{"start":{"line":156,"column":4},"end":{"line":167,"column":7}},"50":{"start":{"line":170,"column":4},"end":{"line":175,"column":7}},"51":{"start":{"line":176,"column":4},"end":{"line":176,"column":16}},"52":{"start":{"line":180,"column":0},"end":{"line":208,"column":2}},"53":{"start":{"line":181,"column":2},"end":{"line":207,"column":3}},"54":{"start":{"line":182,"column":35},"end":{"line":182,"column":43}},"55":{"start":{"line":185,"column":4},"end":{"line":187,"column":5}},"56":{"start":{"line":186,"column":6},"end":{"line":186,"column":86}},"57":{"start":{"line":190,"column":17},"end":{"line":190,"column":46}},"58":{"start":{"line":191,"column":4},"end":{"line":193,"column":5}},"59":{"start":{"line":192,"column":6},"end":{"line":192,"column":65}},"60":{"start":{"line":196,"column":17},"end":{"line":196,"column":41}},"61":{"start":{"line":197,"column":27},"end":{"line":197,"column":63}},"62":{"start":{"line":200,"column":4},"end":{"line":200,"column":35}},"63":{"start":{"line":201,"column":4},"end":{"line":201,"column":22}},"64":{"start":{"line":203,"column":4},"end":{"line":203,"column":57}},"65":{"start":{"line":205,"column":4},"end":{"line":205,"column":49}},"66":{"start":{"line":206,"column":4},"end":{"line":206,"column":66}},"67":{"start":{"line":210,"column":0},"end":{"line":244,"column":2}},"68":{"start":{"line":211,"column":2},"end":{"line":243,"column":3}},"69":{"start":{"line":212,"column":22},"end":{"line":212,"column":30}},"70":{"start":{"line":215,"column":4},"end":{"line":217,"column":5}},"71":{"start":{"line":216,"column":6},"end":{"line":216,"column":51}},"72":{"start":{"line":220,"column":17},"end":{"line":220,"column":67}},"73":{"start":{"line":221,"column":4},"end":{"line":223,"column":5}},"74":{"start":{"line":222,"column":6},"end":{"line":222,"column":66}},"75":{"start":{"line":226,"column":4},"end":{"line":229,"column":7}},"76":{"start":{"line":231,"column":4},"end":{"line":234,"column":7}},"77":{"start":{"line":237,"column":4},"end":{"line":241,"column":7}},"78":{"start":{"line":242,"column":4},"end":{"line":242,"column":16}}},"fnMap":{"0":{"name":"(anonymous_0)","decl":{"start":{"line":8,"column":19},"end":{"line":8,"column":20}},"loc":{"start":{"line":8,"column":45},"end":{"line":111,"column":1}},"line":8},"1":{"name":"(anonymous_1)","decl":{"start":{"line":113,"column":16},"end":{"line":113,"column":17}},"loc":{"start":{"line":113,"column":42},"end":{"line":178,"column":1}},"line":113},"2":{"name":"(anonymous_2)","decl":{"start":{"line":180,"column":24},"end":{"line":180,"column":25}},"loc":{"start":{"line":180,"column":44},"end":{"line":208,"column":1}},"line":180},"3":{"name":"(anonymous_3)","decl":{"start":{"line":210,"column":22},"end":{"line":210,"column":23}},"loc":{"start":{"line":210,"column":48},"end":{"line":244,"column":1}},"line":210}},"branchMap":{"0":{"loc":{"start":{"line":18,"column":4},"end":{"line":20,"column":5}},"type":"if","locations":[{"start":{"line":18,"column":4},"end":{"line":20,"column":5}},{"start":{},"end":{}}],"line":18},"1":{"loc":{"start":{"line":18,"column":8},"end":{"line":18,"column":56}},"type":"binary-expr","locations":[{"start":{"line":18,"column":8},"end":{"line":18,"column":17}},{"start":{"line":18,"column":21},"end":{"line":18,"column":27}},{"start":{"line":18,"column":31},"end":{"line":18,"column":40}},{"start":{"line":18,"column":44},"end":{"line":18,"column":56}}],"line":18},"2":{"loc":{"start":{"line":23,"column":4},"end":{"line":25,"column":5}},"type":"if","locations":[{"start":{"line":23,"column":4},"end":{"line":25,"column":5}},{"start":{},"end":{}}],"line":23},"3":{"loc":{"start":{"line":23,"column":8},"end":{"line":23,"column":46}},"type":"binary-expr","locations":[{"start":{"line":23,"column":8},"end":{"line":23,"column":33}},{"start":{"line":23,"column":37},"end":{"line":23,"column":46}}],"line":23},"4":{"loc":{"start":{"line":29,"column":4},"end":{"line":31,"column":5}},"type":"if","locations":[{"start":{"line":29,"column":4},"end":{"line":31,"column":5}},{"start":{},"end":{}}],"line":29},"5":{"loc":{"start":{"line":34,"column":4},"end":{"line":39,"column":5}},"type":"if","locations":[{"start":{"line":34,"column":4},"end":{"line":39,"column":5}},{"start":{},"end":{}}],"line":34},"6":{"loc":{"start":{"line":36,"column":6},"end":{"line":38,"column":7}},"type":"if","locations":[{"start":{"line":36,"column":6},"end":{"line":38,"column":7}},{"start":{},"end":{}}],"line":36},"7":{"loc":{"start":{"line":52,"column":20},"end":{"line":52,"column":69}},"type":"binary-expr","locations":[{"start":{"line":52,"column":20},"end":{"line":52,"column":32}},{"start":{"line":52,"column":36},"end":{"line":52,"column":69}}],"line":52},"8":{"loc":{"start":{"line":118,"column":4},"end":{"line":120,"column":5}},"type":"if","locations":[{"start":{"line":118,"column":4},"end":{"line":120,"column":5}},{"start":{},"end":{}}],"line":118},"9":{"loc":{"start":{"line":118,"column":8},"end":{"line":118,"column":27}},"type":"binary-expr","locations":[{"start":{"line":118,"column":8},"end":{"line":118,"column":14}},{"start":{"line":118,"column":18},"end":{"line":118,"column":27}}],"line":118},"10":{"loc":{"start":{"line":124,"column":4},"end":{"line":131,"column":5}},"type":"if","locations":[{"start":{"line":124,"column":4},"end":{"line":131,"column":5}},{"start":{},"end":{}}],"line":124},"11":{"loc":{"start":{"line":135,"column":4},"end":{"line":142,"column":5}},"type":"if","locations":[{"start":{"line":135,"column":4},"end":{"line":142,"column":5}},{"start":{},"end":{}}],"line":135},"12":{"loc":{"start":{"line":185,"column":4},"end":{"line":187,"column":5}},"type":"if","locations":[{"start":{"line":185,"column":4},"end":{"line":187,"column":5}},{"start":{},"end":{}}],"line":185},"13":{"loc":{"start":{"line":185,"column":8},"end":{"line":185,"column":30}},"type":"binary-expr","locations":[{"start":{"line":185,"column":8},"end":{"line":185,"column":14}},{"start":{"line":185,"column":18},"end":{"line":185,"column":30}}],"line":185},"14":{"loc":{"start":{"line":191,"column":4},"end":{"line":193,"column":5}},"type":"if","locations":[{"start":{"line":191,"column":4},"end":{"line":193,"column":5}},{"start":{},"end":{}}],"line":191},"15":{"loc":{"start":{"line":215,"column":4},"end":{"line":217,"column":5}},"type":"if","locations":[{"start":{"line":215,"column":4},"end":{"line":217,"column":5}},{"start":{},"end":{}}],"line":215},"16":{"loc":{"start":{"line":221,"column":4},"end":{"line":223,"column":5}},"type":"if","locations":[{"start":{"line":221,"column":4},"end":{"line":223,"column":5}},{"start":{},"end":{}}],"line":221}},"s":{"0":2,"1":2,"2":2,"3":2,"4":2,"5":2,"6":2,"7":0,"8":0,"9":0,"10":0,"11":0,"12":0,"13":0,"14":0,"15":0,"16":0,"17":0,"18":0,"19":0,"20":0,"21":0,"22":0,"23":0,"24":0,"25":0,"26":0,"27":0,"28":0,"29":0,"30":0,"31":0,"32":0,"33":0,"34":2,"35":0,"36":0,"37":0,"38":0,"39":0,"40":0,"41":0,"42":0,"43":0,"44":0,"45":0,"46":0,"47":0,"48":0,"49":0,"50":0,"51":0,"52":2,"53":0,"54":0,"55":0,"56":0,"57":0,"58":0,"59":0,"60":0,"61":0,"62":0,"63":0,"64":0,"65":0,"66":0,"67":2,"68":0,"69":0,"70":0,"71":0,"72":0,"73":0,"74":0,"75":0,"76":0,"77":0,"78":0},"f":{"0":0,"1":0,"2":0,"3":0},"b":{"0":[0,0],"1":[0,0,0,0],"2":[0,0],"3":[0,0],"4":[0,0],"5":[0,0],"6":[0,0],"7":[0,0],"8":[0,0],"9":[0,0],"10":[0,0],"11":[0,0],"12":[0,0],"13":[0,0],"14":[0,0],"15":[0,0],"16":[0,0]},"_coverageSchema":"1a1c01bbd47fc00a2c39e90264f33305004495a9","hash":"85c7fee8acf9bcd22d815e5c5295655f4b9651e2"}
,"F:\\Travo\\TRAVEL-AND-EXPLORATION-MOBILE-APP\\backend\\controllers\\guideController.js": {"path":"F:\\Travo\\TRAVEL-AND-EXPLORATION-MOBILE-APP\\backend\\controllers\\guideController.js","statementMap":{"0":{"start":{"line":1,"column":14},"end":{"line":1,"column":40}},"1":{"start":{"line":2,"column":13},"end":{"line":2,"column":38}},"2":{"start":{"line":3,"column":16},"end":{"line":3,"column":44}},"3":{"start":{"line":4,"column":15},"end":{"line":4,"column":41}},"4":{"start":{"line":6,"column":0},"end":{"line":49,"column":2}},"5":{"start":{"line":7,"column":2},"end":{"line":48,"column":3}},"6":{"start":{"line":8,"column":52},"end":{"line":8,"column":60}},"7":{"start":{"line":9,"column":19},"end":{"line":9,"column":34}},"8":{"start":{"line":12,"column":17},"end":{"line":12,"column":76}},"9":{"start":{"line":13,"column":4},"end":{"line":15,"column":5}},"10":{"start":{"line":14,"column":6},"end":{"line":14,"column":65}},"11":{"start":{"line":17,"column":18},"end":{"line":24,"column":6}},"12":{"start":{"line":26,"column":4},"end":{"line":26,"column":23}},"13":{"start":{"line":29,"column":27},"end":{"line":42,"column":5}},"14":{"start":{"line":44,"column":4},"end":{"line":44,"column":41}},"15":{"start":{"line":46,"column":4},"end":{"line":46,"column":47}},"16":{"start":{"line":47,"column":4},"end":{"line":47,"column":64}},"17":{"start":{"line":51,"column":0},"end":{"line":76,"column":2}},"18":{"start":{"line":52,"column":2},"end":{"line":75,"column":3}},"19":{"start":{"line":53,"column":19},"end":{"line":55,"column":30}},"20":{"start":{"line":58,"column":28},"end":{"line":69,"column":7}},"21":{"start":{"line":58,"column":49},"end":{"line":69,"column":5}},"22":{"start":{"line":71,"column":4},"end":{"line":71,"column":30}},"23":{"start":{"line":73,"column":4},"end":{"line":73,"column":45}},"24":{"start":{"line":74,"column":4},"end":{"line":74,"column":64}},"25":{"start":{"line":78,"column":0},"end":{"line":108,"column":2}},"26":{"start":{"line":79,"column":2},"end":{"line":107,"column":3}},"27":{"start":{"line":80,"column":23},"end":{"line":80,"column":33}},"28":{"start":{"line":81,"column":19},"end":{"line":85,"column":30}},"29":{"start":{"line":88,"column":28},"end":{"line":101,"column":7}},"30":{"start":{"line":88,"column":49},"end":{"line":101,"column":5}},"31":{"start":{"line":97,"column":54},"end":{"line":97,"column":93}},"32":{"start":{"line":98,"column":60},"end":{"line":98,"column":99}},"33":{"start":{"line":103,"column":4},"end":{"line":103,"column":30}},"34":{"start":{"line":105,"column":4},"end":{"line":105,"column":50}},"35":{"start":{"line":106,"column":4},"end":{"line":106,"column":69}},"36":{"start":{"line":110,"column":0},"end":{"line":143,"column":2}},"37":{"start":{"line":111,"column":2},"end":{"line":142,"column":3}},"38":{"start":{"line":112,"column":24},"end":{"line":112,"column":34}},"39":{"start":{"line":113,"column":19},"end":{"line":113,"column":34}},"40":{"start":{"line":115,"column":18},"end":{"line":115,"column":47}},"41":{"start":{"line":116,"column":4},"end":{"line":118,"column":5}},"42":{"start":{"line":117,"column":6},"end":{"line":117,"column":66}},"43":{"start":{"line":120,"column":21},"end":{"line":120,"column":51}},"44":{"start":{"line":121,"column":24},"end":{"line":121,"column":57}},"45":{"start":{"line":123,"column":4},"end":{"line":135,"column":5}},"46":{"start":{"line":125,"column":6},"end":{"line":125,"column":33}},"47":{"start":{"line":126,"column":6},"end":{"line":126,"column":20}},"48":{"start":{"line":129,"column":6},"end":{"line":129,"column":33}},"49":{"start":{"line":130,"column":6},"end":{"line":130,"column":20}},"50":{"start":{"line":131,"column":6},"end":{"line":134,"column":7}},"51":{"start":{"line":132,"column":8},"end":{"line":132,"column":38}},"52":{"start":{"line":133,"column":8},"end":{"line":133,"column":25}},"53":{"start":{"line":137,"column":4},"end":{"line":137,"column":23}},"54":{"start":{"line":138,"column":4},"end":{"line":138,"column":20}},"55":{"start":{"line":140,"column":4},"end":{"line":140,"column":121}},"56":{"start":{"line":141,"column":4},"end":{"line":141,"column":62}},"57":{"start":{"line":145,"column":0},"end":{"line":178,"column":2}},"58":{"start":{"line":146,"column":2},"end":{"line":177,"column":3}},"59":{"start":{"line":147,"column":24},"end":{"line":147,"column":34}},"60":{"start":{"line":148,"column":19},"end":{"line":148,"column":34}},"61":{"start":{"line":150,"column":18},"end":{"line":150,"column":47}},"62":{"start":{"line":151,"column":4},"end":{"line":153,"column":5}},"63":{"start":{"line":152,"column":6},"end":{"line":152,"column":66}},"64":{"start":{"line":155,"column":24},"end":{"line":155,"column":57}},"65":{"start":{"line":156,"column":21},"end":{"line":156,"column":51}},"66":{"start":{"line":158,"column":4},"end":{"line":170,"column":5}},"67":{"start":{"line":160,"column":6},"end":{"line":160,"column":36}},"68":{"start":{"line":161,"column":6},"end":{"line":161,"column":23}},"69":{"start":{"line":164,"column":6},"end":{"line":164,"column":36}},"70":{"start":{"line":165,"column":6},"end":{"line":165,"column":23}},"71":{"start":{"line":166,"column":6},"end":{"line":169,"column":7}},"72":{"start":{"line":167,"column":8},"end":{"line":167,"column":35}},"73":{"start":{"line":168,"column":8},"end":{"line":168,"column":22}},"74":{"start":{"line":172,"column":4},"end":{"line":172,"column":23}},"75":{"start":{"line":173,"column":4},"end":{"line":173,"column":20}},"76":{"start":{"line":175,"column":4},"end":{"line":175,"column":124}},"77":{"start":{"line":176,"column":4},"end":{"line":176,"column":65}},"78":{"start":{"line":180,"column":0},"end":{"line":206,"column":2}},"79":{"start":{"line":181,"column":2},"end":{"line":205,"column":3}},"80":{"start":{"line":182,"column":24},"end":{"line":182,"column":34}},"81":{"start":{"line":184,"column":18},"end":{"line":184,"column":47}},"82":{"start":{"line":185,"column":4},"end":{"line":187,"column":5}},"83":{"start":{"line":186,"column":6},"end":{"line":186,"column":66}},"84":{"start":{"line":189,"column":4},"end":{"line":191,"column":5}},"85":{"start":{"line":190,"column":6},"end":{"line":190,"column":86}},"86":{"start":{"line":193,"column":4},"end":{"line":193,"column":43}},"87":{"start":{"line":196,"column":4},"end":{"line":199,"column":6}},"88":{"start":{"line":201,"column":4},"end":{"line":201,"column":81}},"89":{"start":{"line":203,"column":4},"end":{"line":203,"column":123}},"90":{"start":{"line":204,"column":4},"end":{"line":204,"column":64}}},"fnMap":{"0":{"name":"(anonymous_0)","decl":{"start":{"line":6,"column":22},"end":{"line":6,"column":23}},"loc":{"start":{"line":6,"column":42},"end":{"line":49,"column":1}},"line":6},"1":{"name":"(anonymous_1)","decl":{"start":{"line":51,"column":23},"end":{"line":51,"column":24}},"loc":{"start":{"line":51,"column":43},"end":{"line":76,"column":1}},"line":51},"2":{"name":"(anonymous_2)","decl":{"start":{"line":58,"column":39},"end":{"line":58,"column":40}},"loc":{"start":{"line":58,"column":49},"end":{"line":69,"column":5}},"line":58},"3":{"name":"(anonymous_3)","decl":{"start":{"line":78,"column":24},"end":{"line":78,"column":25}},"loc":{"start":{"line":78,"column":44},"end":{"line":108,"column":1}},"line":78},"4":{"name":"(anonymous_4)","decl":{"start":{"line":88,"column":39},"end":{"line":88,"column":40}},"loc":{"start":{"line":88,"column":49},"end":{"line":101,"column":5}},"line":88},"5":{"name":"(anonymous_5)","decl":{"start":{"line":97,"column":46},"end":{"line":97,"column":47}},"loc":{"start":{"line":97,"column":54},"end":{"line":97,"column":93}},"line":97},"6":{"name":"(anonymous_6)","decl":{"start":{"line":98,"column":52},"end":{"line":98,"column":53}},"loc":{"start":{"line":98,"column":60},"end":{"line":98,"column":99}},"line":98},"7":{"name":"(anonymous_7)","decl":{"start":{"line":110,"column":20},"end":{"line":110,"column":21}},"loc":{"start":{"line":110,"column":40},"end":{"line":143,"column":1}},"line":110},"8":{"name":"(anonymous_8)","decl":{"start":{"line":145,"column":23},"end":{"line":145,"column":24}},"loc":{"start":{"line":145,"column":43},"end":{"line":178,"column":1}},"line":145},"9":{"name":"(anonymous_9)","decl":{"start":{"line":180,"column":22},"end":{"line":180,"column":23}},"loc":{"start":{"line":180,"column":42},"end":{"line":206,"column":1}},"line":180}},"branchMap":{"0":{"loc":{"start":{"line":13,"column":4},"end":{"line":15,"column":5}},"type":"if","locations":[{"start":{"line":13,"column":4},"end":{"line":15,"column":5}},{"start":{},"end":{}}],"line":13},"1":{"loc":{"start":{"line":21,"column":19},"end":{"line":21,"column":38}},"type":"binary-expr","locations":[{"start":{"line":21,"column":19},"end":{"line":21,"column":30}},{"start":{"line":21,"column":34},"end":{"line":21,"column":38}}],"line":21},"2":{"loc":{"start":{"line":97,"column":16},"end":{"line":97,"column":102}},"type":"cond-expr","locations":[{"start":{"line":97,"column":27},"end":{"line":97,"column":94}},{"start":{"line":97,"column":97},"end":{"line":97,"column":102}}],"line":97},"3":{"loc":{"start":{"line":98,"column":19},"end":{"line":98,"column":108}},"type":"cond-expr","locations":[{"start":{"line":98,"column":30},"end":{"line":98,"column":100}},{"start":{"line":98,"column":103},"end":{"line":98,"column":108}}],"line":98},"4":{"loc":{"start":{"line":116,"column":4},"end":{"line":118,"column":5}},"type":"if","locations":[{"start":{"line":116,"column":4},"end":{"line":118,"column":5}},{"start":{},"end":{}}],"line":116},"5":{"loc":{"start":{"line":123,"column":4},"end":{"line":135,"column":5}},"type":"if","locations":[{"start":{"line":123,"column":4},"end":{"line":135,"column":5}},{"start":{"line":127,"column":11},"end":{"line":135,"column":5}}],"line":123},"6":{"loc":{"start":{"line":131,"column":6},"end":{"line":134,"column":7}},"type":"if","locations":[{"start":{"line":131,"column":6},"end":{"line":134,"column":7}},{"start":{},"end":{}}],"line":131},"7":{"loc":{"start":{"line":151,"column":4},"end":{"line":153,"column":5}},"type":"if","locations":[{"start":{"line":151,"column":4},"end":{"line":153,"column":5}},{"start":{},"end":{}}],"line":151},"8":{"loc":{"start":{"line":158,"column":4},"end":{"line":170,"column":5}},"type":"if","locations":[{"start":{"line":158,"column":4},"end":{"line":170,"column":5}},{"start":{"line":162,"column":11},"end":{"line":170,"column":5}}],"line":158},"9":{"loc":{"start":{"line":166,"column":6},"end":{"line":169,"column":7}},"type":"if","locations":[{"start":{"line":166,"column":6},"end":{"line":169,"column":7}},{"start":{},"end":{}}],"line":166},"10":{"loc":{"start":{"line":185,"column":4},"end":{"line":187,"column":5}},"type":"if","locations":[{"start":{"line":185,"column":4},"end":{"line":187,"column":5}},{"start":{},"end":{}}],"line":185},"11":{"loc":{"start":{"line":189,"column":4},"end":{"line":191,"column":5}},"type":"if","locations":[{"start":{"line":189,"column":4},"end":{"line":191,"column":5}},{"start":{},"end":{}}],"line":189}},"s":{"0":2,"1":2,"2":2,"3":2,"4":2,"5":0,"6":0,"7":0,"8":0,"9":0,"10":0,"11":0,"12":0,"13":0,"14":0,"15":0,"16":0,"17":2,"18":0,"19":0,"20":0,"21":0,"22":0,"23":0,"24":0,"25":2,"26":0,"27":0,"28":0,"29":0,"30":0,"31":0,"32":0,"33":0,"34":0,"35":0,"36":2,"37":0,"38":0,"39":0,"40":0,"41":0,"42":0,"43":0,"44":0,"45":0,"46":0,"47":0,"48":0,"49":0,"50":0,"51":0,"52":0,"53":0,"54":0,"55":0,"56":0,"57":2,"58":0,"59":0,"60":0,"61":0,"62":0,"63":0,"64":0,"65":0,"66":0,"67":0,"68":0,"69":0,"70":0,"71":0,"72":0,"73":0,"74":0,"75":0,"76":0,"77":0,"78":2,"79":0,"80":0,"81":0,"82":0,"83":0,"84":0,"85":0,"86":0,"87":0,"88":0,"89":0,"90":0},"f":{"0":0,"1":0,"2":0,"3":0,"4":0,"5":0,"6":0,"7":0,"8":0,"9":0},"b":{"0":[0,0],"1":[0,0],"2":[0,0],"3":[0,0],"4":[0,0],"5":[0,0],"6":[0,0],"7":[0,0],"8":[0,0],"9":[0,0],"10":[0,0],"11":[0,0]},"_coverageSchema":"1a1c01bbd47fc00a2c39e90264f33305004495a9","hash":"a5c61021a5970e72104f7e4d4047679cefa63225"}
,"F:\\Travo\\TRAVEL-AND-EXPLORATION-MOBILE-APP\\backend\\controllers\\notificationController.js": {"path":"F:\\Travo\\TRAVEL-AND-EXPLORATION-MOBILE-APP\\backend\\controllers\\notificationController.js","statementMap":{"0":{"start":{"line":1,"column":21},"end":{"line":1,"column":54}},"1":{"start":{"line":2,"column":13},"end":{"line":2,"column":38}},"2":{"start":{"line":3,"column":15},"end":{"line":3,"column":42}},"3":{"start":{"line":5,"column":0},"end":{"line":84,"column":2}},"4":{"start":{"line":6,"column":2},"end":{"line":83,"column":3}},"5":{"start":{"line":7,"column":4},"end":{"line":10,"column":5}},"6":{"start":{"line":8,"column":6},"end":{"line":8,"column":44}},"7":{"start":{"line":9,"column":6},"end":{"line":9,"column":73}},"8":{"start":{"line":12,"column":4},"end":{"line":12,"column":81}},"9":{"start":{"line":15,"column":23},"end":{"line":15,"column":59}},"10":{"start":{"line":16,"column":4},"end":{"line":19,"column":5}},"11":{"start":{"line":17,"column":6},"end":{"line":17,"column":67}},"12":{"start":{"line":18,"column":6},"end":{"line":18,"column":65}},"13":{"start":{"line":21,"column":26},"end":{"line":26,"column":13}},"14":{"start":{"line":28,"column":4},"end":{"line":28,"column":78}},"15":{"start":{"line":30,"column":4},"end":{"line":33,"column":5}},"16":{"start":{"line":31,"column":6},"end":{"line":31,"column":72}},"17":{"start":{"line":32,"column":6},"end":{"line":32,"column":77}},"18":{"start":{"line":36,"column":33},"end":{"line":62,"column":10}},"19":{"start":{"line":37,"column":6},"end":{"line":60,"column":7}},"20":{"start":{"line":38,"column":21},"end":{"line":38,"column":53}},"21":{"start":{"line":39,"column":22},"end":{"line":39,"column":32}},"22":{"start":{"line":40,"column":26},"end":{"line":40,"column":41}},"23":{"start":{"line":41,"column":8},"end":{"line":41,"column":51}},"24":{"start":{"line":44,"column":8},"end":{"line":52,"column":9}},"25":{"start":{"line":45,"column":10},"end":{"line":45,"column":29}},"26":{"start":{"line":46,"column":15},"end":{"line":52,"column":9}},"27":{"start":{"line":47,"column":10},"end":{"line":47,"column":33}},"28":{"start":{"line":48,"column":15},"end":{"line":52,"column":9}},"29":{"start":{"line":49,"column":10},"end":{"line":49,"column":33}},"30":{"start":{"line":51,"column":10},"end":{"line":51,"column":31}},"31":{"start":{"line":54,"column":8},"end":{"line":56,"column":9}},"32":{"start":{"line":55,"column":10},"end":{"line":55,"column":32}},"33":{"start":{"line":57,"column":8},"end":{"line":57,"column":44}},"34":{"start":{"line":59,"column":8},"end":{"line":59,"column":85}},"35":{"start":{"line":61,"column":6},"end":{"line":61,"column":20}},"36":{"start":{"line":64,"column":4},"end":{"line":64,"column":90}},"37":{"start":{"line":66,"column":24},"end":{"line":69,"column":6}},"38":{"start":{"line":71,"column":4},"end":{"line":71,"column":58}},"39":{"start":{"line":73,"column":4},"end":{"line":76,"column":7}},"40":{"start":{"line":78,"column":4},"end":{"line":78,"column":56}},"41":{"start":{"line":79,"column":4},"end":{"line":82,"column":7}},"42":{"start":{"line":86,"column":0},"end":{"line":108,"column":2}},"43":{"start":{"line":87,"column":2},"end":{"line":107,"column":3}},"44":{"start":{"line":88,"column":31},"end":{"line":88,"column":41}},"45":{"start":{"line":90,"column":25},"end":{"line":90,"column":68}},"46":{"start":{"line":91,"column":4},"end":{"line":93,"column":5}},"47":{"start":{"line":92,"column":6},"end":{"line":92,"column":73}},"48":{"start":{"line":96,"column":4},"end":{"line":98,"column":5}},"49":{"start":{"line":97,"column":6},"end":{"line":97,"column":93}},"50":{"start":{"line":100,"column":4},"end":{"line":100,"column":29}},"51":{"start":{"line":101,"column":4},"end":{"line":101,"column":30}},"52":{"start":{"line":103,"column":4},"end":{"line":103,"column":57}},"53":{"start":{"line":105,"column":4},"end":{"line":105,"column":64}},"54":{"start":{"line":106,"column":4},"end":{"line":106,"column":77}},"55":{"start":{"line":110,"column":0},"end":{"line":125,"column":2}},"56":{"start":{"line":111,"column":2},"end":{"line":124,"column":3}},"57":{"start":{"line":112,"column":19},"end":{"line":115,"column":5}},"58":{"start":{"line":117,"column":4},"end":{"line":120,"column":7}},"59":{"start":{"line":122,"column":4},"end":{"line":122,"column":69}},"60":{"start":{"line":123,"column":4},"end":{"line":123,"column":78}},"61":{"start":{"line":127,"column":0},"end":{"line":184,"column":2}},"62":{"start":{"line":128,"column":2},"end":{"line":183,"column":3}},"63":{"start":{"line":130,"column":4},"end":{"line":133,"column":5}},"64":{"start":{"line":131,"column":6},"end":{"line":131,"column":49}},"65":{"start":{"line":132,"column":6},"end":{"line":132,"column":18}},"66":{"start":{"line":136,"column":23},"end":{"line":136,"column":60}},"67":{"start":{"line":137,"column":33},"end":{"line":143,"column":6}},"68":{"start":{"line":145,"column":4},"end":{"line":148,"column":5}},"69":{"start":{"line":146,"column":6},"end":{"line":146,"column":84}},"70":{"start":{"line":147,"column":6},"end":{"line":147,"column":18}},"71":{"start":{"line":151,"column":25},"end":{"line":159,"column":6}},"72":{"start":{"line":161,"column":4},"end":{"line":161,"column":30}},"73":{"start":{"line":164,"column":34},"end":{"line":166,"column":34}},"74":{"start":{"line":169,"column":4},"end":{"line":177,"column":5}},"75":{"start":{"line":170,"column":6},"end":{"line":170,"column":69}},"76":{"start":{"line":171,"column":6},"end":{"line":174,"column":9}},"77":{"start":{"line":176,"column":6},"end":{"line":176,"column":63}},"78":{"start":{"line":179,"column":4},"end":{"line":179,"column":33}},"79":{"start":{"line":181,"column":4},"end":{"line":181,"column":58}},"80":{"start":{"line":182,"column":4},"end":{"line":182,"column":16}}},"fnMap":{"0":{"name":"(anonymous_0)","decl":{"start":{"line":5,"column":27},"end":{"line":5,"column":28}},"loc":{"start":{"line":5,"column":47},"end":{"line":84,"column":1}},"line":5},"1":{"name":"(anonymous_1)","decl":{"start":{"line":36,"column":54},"end":{"line":36,"column":55}},"loc":{"start":{"line":36,"column":80},"end":{"line":62,"column":5}},"line":36},"2":{"name":"(anonymous_2)","decl":{"start":{"line":86,"column":21},"end":{"line":86,"column":22}},"loc":{"start":{"line":86,"column":41},"end":{"line":108,"column":1}},"line":86},"3":{"name":"(anonymous_3)","decl":{"start":{"line":110,"column":24},"end":{"line":110,"column":25}},"loc":{"start":{"line":110,"column":44},"end":{"line":125,"column":1}},"line":110},"4":{"name":"(anonymous_4)","decl":{"start":{"line":127,"column":29},"end":{"line":127,"column":30}},"loc":{"start":{"line":127,"column":84},"end":{"line":184,"column":1}},"line":127}},"branchMap":{"0":{"loc":{"start":{"line":7,"column":4},"end":{"line":10,"column":5}},"type":"if","locations":[{"start":{"line":7,"column":4},"end":{"line":10,"column":5}},{"start":{},"end":{}}],"line":7},"1":{"loc":{"start":{"line":7,"column":8},"end":{"line":7,"column":37}},"type":"binary-expr","locations":[{"start":{"line":7,"column":8},"end":{"line":7,"column":17}},{"start":{"line":7,"column":21},"end":{"line":7,"column":37}}],"line":7},"2":{"loc":{"start":{"line":16,"column":4},"end":{"line":19,"column":5}},"type":"if","locations":[{"start":{"line":16,"column":4},"end":{"line":19,"column":5}},{"start":{},"end":{}}],"line":16},"3":{"loc":{"start":{"line":30,"column":4},"end":{"line":33,"column":5}},"type":"if","locations":[{"start":{"line":30,"column":4},"end":{"line":33,"column":5}},{"start":{},"end":{}}],"line":30},"4":{"loc":{"start":{"line":44,"column":8},"end":{"line":52,"column":9}},"type":"if","locations":[{"start":{"line":44,"column":8},"end":{"line":52,"column":9}},{"start":{"line":46,"column":15},"end":{"line":52,"column":9}}],"line":44},"5":{"loc":{"start":{"line":46,"column":15},"end":{"line":52,"column":9}},"type":"if","locations":[{"start":{"line":46,"column":15},"end":{"line":52,"column":9}},{"start":{"line":48,"column":15},"end":{"line":52,"column":9}}],"line":46},"6":{"loc":{"start":{"line":48,"column":15},"end":{"line":52,"column":9}},"type":"if","locations":[{"start":{"line":48,"column":15},"end":{"line":52,"column":9}},{"start":{"line":50,"column":15},"end":{"line":52,"column":9}}],"line":48},"7":{"loc":{"start":{"line":54,"column":8},"end":{"line":56,"column":9}},"type":"if","locations":[{"start":{"line":54,"column":8},"end":{"line":56,"column":9}},{"start":{},"end":{}}],"line":54},"8":{"loc":{"start":{"line":81,"column":13},"end":{"line":81,"column":82}},"type":"cond-expr","locations":[{"start":{"line":81,"column":54},"end":{"line":81,"column":70}},{"start":{"line":81,"column":73},"end":{"line":81,"column":82}}],"line":81},"9":{"loc":{"start":{"line":91,"column":4},"end":{"line":93,"column":5}},"type":"if","locations":[{"start":{"line":91,"column":4},"end":{"line":93,"column":5}},{"start":{},"end":{}}],"line":91},"10":{"loc":{"start":{"line":96,"column":4},"end":{"line":98,"column":5}},"type":"if","locations":[{"start":{"line":96,"column":4},"end":{"line":98,"column":5}},{"start":{},"end":{}}],"line":96},"11":{"loc":{"start":{"line":127,"column":70},"end":{"line":127,"column":79}},"type":"default-arg","locations":[{"start":{"line":127,"column":77},"end":{"line":127,"column":79}}],"line":127},"12":{"loc":{"start":{"line":130,"column":4},"end":{"line":133,"column":5}},"type":"if","locations":[{"start":{"line":130,"column":4},"end":{"line":133,"column":5}},{"start":{},"end":{}}],"line":130},"13":{"loc":{"start":{"line":145,"column":4},"end":{"line":148,"column":5}},"type":"if","locations":[{"start":{"line":145,"column":4},"end":{"line":148,"column":5}},{"start":{},"end":{}}],"line":145},"14":{"loc":{"start":{"line":169,"column":4},"end":{"line":177,"column":5}},"type":"if","locations":[{"start":{"line":169,"column":4},"end":{"line":177,"column":5}},{"start":{"line":175,"column":11},"end":{"line":177,"column":5}}],"line":169}},"s":{"0":2,"1":2,"2":2,"3":2,"4":0,"5":0,"6":0,"7":0,"8":0,"9":0,"10":0,"11":0,"12":0,"13":0,"14":0,"15":0,"16":0,"17":0,"18":0,"19":0,"20":0,"21":0,"22":0,"23":0,"24":0,"25":0,"26":0,"27":0,"28":0,"29":0,"30":0,"31":0,"32":0,"33":0,"34":0,"35":0,"36":0,"37":0,"38":0,"39":0,"40":0,"41":0,"42":2,"43":0,"44":0,"45":0,"46":0,"47":0,"48":0,"49":0,"50":0,"51":0,"52":0,"53":0,"54":0,"55":2,"56":0,"57":0,"58":0,"59":0,"60":0,"61":2,"62":0,"63":0,"64":0,"65":0,"66":0,"67":0,"68":0,"69":0,"70":0,"71":0,"72":0,"73":0,"74":0,"75":0,"76":0,"77":0,"78":0,"79":0,"80":0},"f":{"0":0,"1":0,"2":0,"3":0,"4":0},"b":{"0":[0,0],"1":[0,0],"2":[0,0],"3":[0,0],"4":[0,0],"5":[0,0],"6":[0,0],"7":[0,0],"8":[0,0],"9":[0,0],"10":[0,0],"11":[0],"12":[0,0],"13":[0,0],"14":[0,0]},"_coverageSchema":"1a1c01bbd47fc00a2c39e90264f33305004495a9","hash":"873c01e47abc31eb9e093464ac67756e32679fda"}
,"F:\\Travo\\TRAVEL-AND-EXPLORATION-MOBILE-APP\\backend\\controllers\\postController.js": {"path":"F:\\Travo\\TRAVEL-AND-EXPLORATION-MOBILE-APP\\backend\\controllers\\postController.js","statementMap":{"0":{"start":{"line":1,"column":13},"end":{"line":1,"column":38}},"1":{"start":{"line":2,"column":13},"end":{"line":2,"column":38}},"2":{"start":{"line":3,"column":16},"end":{"line":3,"column":44}},"3":{"start":{"line":4,"column":31},"end":{"line":4,"column":66}},"4":{"start":{"line":5,"column":17},"end":{"line":5,"column":36}},"5":{"start":{"line":6,"column":15},"end":{"line":6,"column":42}},"6":{"start":{"line":7,"column":21},"end":{"line":7,"column":54}},"7":{"start":{"line":9,"column":0},"end":{"line":55,"column":2}},"8":{"start":{"line":10,"column":2},"end":{"line":54,"column":3}},"9":{"start":{"line":11,"column":4},"end":{"line":13,"column":5}},"10":{"start":{"line":12,"column":6},"end":{"line":12,"column":73}},"11":{"start":{"line":15,"column":4},"end":{"line":17,"column":5}},"12":{"start":{"line":16,"column":6},"end":{"line":16,"column":68}},"13":{"start":{"line":19,"column":21},"end":{"line":36,"column":5}},"14":{"start":{"line":38,"column":17},"end":{"line":38,"column":35}},"15":{"start":{"line":39,"column":4},"end":{"line":39,"column":22}},"16":{"start":{"line":42,"column":4},"end":{"line":45,"column":6}},"17":{"start":{"line":47,"column":26},"end":{"line":48,"column":59}},"18":{"start":{"line":50,"column":4},"end":{"line":50,"column":40}},"19":{"start":{"line":52,"column":4},"end":{"line":52,"column":67}},"20":{"start":{"line":53,"column":4},"end":{"line":53,"column":63}},"21":{"start":{"line":57,"column":0},"end":{"line":88,"column":2}},"22":{"start":{"line":58,"column":2},"end":{"line":87,"column":3}},"23":{"start":{"line":59,"column":4},"end":{"line":61,"column":5}},"24":{"start":{"line":60,"column":6},"end":{"line":60,"column":73}},"25":{"start":{"line":64,"column":24},"end":{"line":64,"column":74}},"26":{"start":{"line":65,"column":4},"end":{"line":67,"column":5}},"27":{"start":{"line":66,"column":6},"end":{"line":66,"column":73}},"28":{"start":{"line":70,"column":18},"end":{"line":73,"column":30}},"29":{"start":{"line":76,"column":26},"end":{"line":81,"column":6}},"30":{"start":{"line":77,"column":22},"end":{"line":77,"column":37}},"31":{"start":{"line":78,"column":6},"end":{"line":78,"column":61}},"32":{"start":{"line":79,"column":6},"end":{"line":79,"column":63}},"33":{"start":{"line":80,"column":6},"end":{"line":80,"column":21}},"34":{"start":{"line":83,"column":4},"end":{"line":83,"column":28}},"35":{"start":{"line":85,"column":4},"end":{"line":85,"column":72}},"36":{"start":{"line":86,"column":4},"end":{"line":86,"column":72}},"37":{"start":{"line":90,"column":0},"end":{"line":121,"column":2}},"38":{"start":{"line":91,"column":2},"end":{"line":120,"column":3}},"39":{"start":{"line":92,"column":4},"end":{"line":94,"column":5}},"40":{"start":{"line":93,"column":6},"end":{"line":93,"column":73}},"41":{"start":{"line":97,"column":24},"end":{"line":97,"column":74}},"42":{"start":{"line":98,"column":4},"end":{"line":100,"column":5}},"43":{"start":{"line":99,"column":6},"end":{"line":99,"column":73}},"44":{"start":{"line":103,"column":18},"end":{"line":106,"column":30}},"45":{"start":{"line":109,"column":26},"end":{"line":114,"column":6}},"46":{"start":{"line":110,"column":22},"end":{"line":110,"column":37}},"47":{"start":{"line":111,"column":6},"end":{"line":111,"column":61}},"48":{"start":{"line":112,"column":6},"end":{"line":112,"column":63}},"49":{"start":{"line":113,"column":6},"end":{"line":113,"column":21}},"50":{"start":{"line":116,"column":4},"end":{"line":116,"column":28}},"51":{"start":{"line":118,"column":4},"end":{"line":118,"column":63}},"52":{"start":{"line":119,"column":4},"end":{"line":119,"column":63}},"53":{"start":{"line":123,"column":0},"end":{"line":146,"column":2}},"54":{"start":{"line":124,"column":2},"end":{"line":145,"column":3}},"55":{"start":{"line":125,"column":23},"end":{"line":125,"column":33}},"56":{"start":{"line":126,"column":18},"end":{"line":129,"column":30}},"57":{"start":{"line":132,"column":26},"end":{"line":139,"column":6}},"58":{"start":{"line":133,"column":22},"end":{"line":133,"column":37}},"59":{"start":{"line":134,"column":6},"end":{"line":137,"column":7}},"60":{"start":{"line":135,"column":8},"end":{"line":135,"column":63}},"61":{"start":{"line":136,"column":8},"end":{"line":136,"column":65}},"62":{"start":{"line":138,"column":6},"end":{"line":138,"column":21}},"63":{"start":{"line":141,"column":4},"end":{"line":141,"column":28}},"64":{"start":{"line":143,"column":4},"end":{"line":143,"column":68}},"65":{"start":{"line":144,"column":4},"end":{"line":144,"column":68}},"66":{"start":{"line":148,"column":0},"end":{"line":230,"column":2}},"67":{"start":{"line":149,"column":2},"end":{"line":229,"column":3}},"68":{"start":{"line":150,"column":23},"end":{"line":150,"column":33}},"69":{"start":{"line":151,"column":19},"end":{"line":151,"column":34}},"70":{"start":{"line":153,"column":4},"end":{"line":153,"column":58}},"71":{"start":{"line":156,"column":4},"end":{"line":159,"column":5}},"72":{"start":{"line":157,"column":6},"end":{"line":157,"column":51}},"73":{"start":{"line":158,"column":6},"end":{"line":158,"column":66}},"74":{"start":{"line":162,"column":17},"end":{"line":163,"column":59}},"75":{"start":{"line":165,"column":4},"end":{"line":168,"column":5}},"76":{"start":{"line":166,"column":6},"end":{"line":166,"column":50}},"77":{"start":{"line":167,"column":6},"end":{"line":167,"column":65}},"78":{"start":{"line":170,"column":4},"end":{"line":170,"column":54}},"79":{"start":{"line":172,"column":21},"end":{"line":172,"column":48}},"80":{"start":{"line":173,"column":4},"end":{"line":208,"column":5}},"81":{"start":{"line":175,"column":6},"end":{"line":175,"column":56}},"82":{"start":{"line":176,"column":6},"end":{"line":176,"column":69}},"83":{"start":{"line":176,"column":43},"end":{"line":176,"column":67}},"84":{"start":{"line":179,"column":6},"end":{"line":182,"column":8}},"85":{"start":{"line":185,"column":6},"end":{"line":185,"column":54}},"86":{"start":{"line":186,"column":6},"end":{"line":186,"column":30}},"87":{"start":{"line":189,"column":6},"end":{"line":192,"column":8}},"88":{"start":{"line":195,"column":6},"end":{"line":207,"column":7}},"89":{"start":{"line":196,"column":8},"end":{"line":206,"column":9}},"90":{"start":{"line":197,"column":10},"end":{"line":202,"column":12}},"91":{"start":{"line":204,"column":10},"end":{"line":204,"column":86}},"92":{"start":{"line":210,"column":4},"end":{"line":210,"column":22}},"93":{"start":{"line":213,"column":24},"end":{"line":215,"column":68}},"94":{"start":{"line":217,"column":20},"end":{"line":217,"column":42}},"95":{"start":{"line":218,"column":4},"end":{"line":218,"column":57}},"96":{"start":{"line":219,"column":4},"end":{"line":219,"column":59}},"97":{"start":{"line":221,"column":4},"end":{"line":221,"column":55}},"98":{"start":{"line":222,"column":4},"end":{"line":222,"column":22}},"99":{"start":{"line":224,"column":4},"end":{"line":224,"column":63}},"100":{"start":{"line":225,"column":4},"end":{"line":228,"column":7}},"101":{"start":{"line":232,"column":0},"end":{"line":266,"column":2}},"102":{"start":{"line":233,"column":2},"end":{"line":265,"column":3}},"103":{"start":{"line":234,"column":23},"end":{"line":234,"column":33}},"104":{"start":{"line":235,"column":19},"end":{"line":235,"column":34}},"105":{"start":{"line":237,"column":17},"end":{"line":237,"column":44}},"106":{"start":{"line":238,"column":4},"end":{"line":240,"column":5}},"107":{"start":{"line":239,"column":6},"end":{"line":239,"column":65}},"108":{"start":{"line":242,"column":21},"end":{"line":242,"column":50}},"109":{"start":{"line":243,"column":4},"end":{"line":249,"column":5}},"110":{"start":{"line":245,"column":6},"end":{"line":245,"column":32}},"111":{"start":{"line":248,"column":6},"end":{"line":248,"column":32}},"112":{"start":{"line":251,"column":4},"end":{"line":251,"column":22}},"113":{"start":{"line":253,"column":24},"end":{"line":255,"column":68}},"114":{"start":{"line":257,"column":20},"end":{"line":257,"column":42}},"115":{"start":{"line":258,"column":4},"end":{"line":258,"column":57}},"116":{"start":{"line":259,"column":4},"end":{"line":259,"column":59}},"117":{"start":{"line":261,"column":4},"end":{"line":261,"column":22}},"118":{"start":{"line":263,"column":4},"end":{"line":263,"column":63}},"119":{"start":{"line":264,"column":4},"end":{"line":264,"column":61}},"120":{"start":{"line":268,"column":0},"end":{"line":358,"column":2}},"121":{"start":{"line":269,"column":2},"end":{"line":357,"column":3}},"122":{"start":{"line":270,"column":23},"end":{"line":270,"column":33}},"123":{"start":{"line":271,"column":31},"end":{"line":271,"column":39}},"124":{"start":{"line":272,"column":19},"end":{"line":272,"column":34}},"125":{"start":{"line":275,"column":4},"end":{"line":277,"column":5}},"126":{"start":{"line":276,"column":6},"end":{"line":276,"column":75}},"127":{"start":{"line":280,"column":17},"end":{"line":280,"column":44}},"128":{"start":{"line":281,"column":4},"end":{"line":283,"column":5}},"129":{"start":{"line":282,"column":6},"end":{"line":282,"column":65}},"130":{"start":{"line":286,"column":25},"end":{"line":286,"column":27}},"131":{"start":{"line":287,"column":4},"end":{"line":296,"column":5}},"132":{"start":{"line":289,"column":29},"end":{"line":289,"column":77}},"133":{"start":{"line":292,"column":6},"end":{"line":295,"column":11}},"134":{"start":{"line":292,"column":55},"end":{"line":295,"column":7}},"135":{"start":{"line":299,"column":20},"end":{"line":303,"column":5}},"136":{"start":{"line":306,"column":4},"end":{"line":306,"column":32}},"137":{"start":{"line":307,"column":4},"end":{"line":307,"column":22}},"138":{"start":{"line":310,"column":23},"end":{"line":310,"column":62}},"139":{"start":{"line":313,"column":4},"end":{"line":328,"column":5}},"140":{"start":{"line":314,"column":29},"end":{"line":314,"column":77}},"141":{"start":{"line":316,"column":6},"end":{"line":327,"column":7}},"142":{"start":{"line":317,"column":8},"end":{"line":326,"column":9}},"143":{"start":{"line":318,"column":10},"end":{"line":325,"column":13}},"144":{"start":{"line":331,"column":4},"end":{"line":338,"column":5}},"145":{"start":{"line":332,"column":6},"end":{"line":337,"column":9}},"146":{"start":{"line":341,"column":26},"end":{"line":344,"column":77}},"147":{"start":{"line":346,"column":20},"end":{"line":346,"column":44}},"148":{"start":{"line":347,"column":4},"end":{"line":347,"column":59}},"149":{"start":{"line":348,"column":4},"end":{"line":348,"column":61}},"150":{"start":{"line":350,"column":4},"end":{"line":350,"column":34}},"151":{"start":{"line":352,"column":4},"end":{"line":352,"column":65}},"152":{"start":{"line":353,"column":4},"end":{"line":356,"column":7}},"153":{"start":{"line":360,"column":0},"end":{"line":403,"column":2}},"154":{"start":{"line":361,"column":2},"end":{"line":402,"column":3}},"155":{"start":{"line":362,"column":34},"end":{"line":362,"column":44}},"156":{"start":{"line":363,"column":19},"end":{"line":363,"column":34}},"157":{"start":{"line":365,"column":17},"end":{"line":365,"column":44}},"158":{"start":{"line":366,"column":4},"end":{"line":368,"column":5}},"159":{"start":{"line":367,"column":6},"end":{"line":367,"column":65}},"160":{"start":{"line":371,"column":25},"end":{"line":373,"column":5}},"161":{"start":{"line":372,"column":17},"end":{"line":372,"column":53}},"162":{"start":{"line":375,"column":4},"end":{"line":377,"column":5}},"163":{"start":{"line":376,"column":6},"end":{"line":376,"column":68}},"164":{"start":{"line":380,"column":20},"end":{"line":380,"column":47}},"165":{"start":{"line":381,"column":4},"end":{"line":383,"column":5}},"166":{"start":{"line":382,"column":6},"end":{"line":382,"column":88}},"167":{"start":{"line":386,"column":4},"end":{"line":386,"column":43}},"168":{"start":{"line":387,"column":4},"end":{"line":387,"column":22}},"169":{"start":{"line":390,"column":24},"end":{"line":392,"column":68}},"170":{"start":{"line":394,"column":20},"end":{"line":394,"column":42}},"171":{"start":{"line":395,"column":4},"end":{"line":395,"column":57}},"172":{"start":{"line":396,"column":4},"end":{"line":396,"column":59}},"173":{"start":{"line":398,"column":4},"end":{"line":398,"column":22}},"174":{"start":{"line":400,"column":4},"end":{"line":400,"column":68}},"175":{"start":{"line":401,"column":4},"end":{"line":401,"column":66}},"176":{"start":{"line":405,"column":0},"end":{"line":431,"column":2}},"177":{"start":{"line":406,"column":2},"end":{"line":430,"column":3}},"178":{"start":{"line":407,"column":23},"end":{"line":407,"column":33}},"179":{"start":{"line":409,"column":17},"end":{"line":409,"column":44}},"180":{"start":{"line":410,"column":4},"end":{"line":412,"column":5}},"181":{"start":{"line":411,"column":6},"end":{"line":411,"column":65}},"182":{"start":{"line":414,"column":4},"end":{"line":416,"column":5}},"183":{"start":{"line":415,"column":6},"end":{"line":415,"column":85}},"184":{"start":{"line":418,"column":4},"end":{"line":418,"column":41}},"185":{"start":{"line":421,"column":4},"end":{"line":424,"column":6}},"186":{"start":{"line":426,"column":4},"end":{"line":426,"column":78}},"187":{"start":{"line":428,"column":4},"end":{"line":428,"column":65}},"188":{"start":{"line":429,"column":4},"end":{"line":429,"column":63}},"189":{"start":{"line":433,"column":0},"end":{"line":485,"column":2}},"190":{"start":{"line":434,"column":2},"end":{"line":484,"column":3}},"191":{"start":{"line":435,"column":23},"end":{"line":435,"column":33}},"192":{"start":{"line":436,"column":19},"end":{"line":436,"column":34}},"193":{"start":{"line":439,"column":17},"end":{"line":439,"column":44}},"194":{"start":{"line":440,"column":4},"end":{"line":442,"column":5}},"195":{"start":{"line":441,"column":6},"end":{"line":441,"column":65}},"196":{"start":{"line":445,"column":4},"end":{"line":447,"column":5}},"197":{"start":{"line":446,"column":6},"end":{"line":446,"column":85}},"198":{"start":{"line":450,"column":4},"end":{"line":452,"column":5}},"199":{"start":{"line":451,"column":6},"end":{"line":451,"column":68}},"200":{"start":{"line":455,"column":23},"end":{"line":461,"column":5}},"201":{"start":{"line":464,"column":24},"end":{"line":469,"column":68}},"202":{"start":{"line":471,"column":4},"end":{"line":473,"column":5}},"203":{"start":{"line":472,"column":6},"end":{"line":472,"column":76}},"204":{"start":{"line":476,"column":20},"end":{"line":476,"column":42}},"205":{"start":{"line":477,"column":4},"end":{"line":477,"column":57}},"206":{"start":{"line":478,"column":4},"end":{"line":478,"column":59}},"207":{"start":{"line":480,"column":4},"end":{"line":480,"column":22}},"208":{"start":{"line":482,"column":4},"end":{"line":482,"column":65}},"209":{"start":{"line":483,"column":4},"end":{"line":483,"column":63}},"210":{"start":{"line":487,"column":0},"end":{"line":511,"column":2}},"211":{"start":{"line":488,"column":2},"end":{"line":510,"column":3}},"212":{"start":{"line":489,"column":4},"end":{"line":491,"column":5}},"213":{"start":{"line":490,"column":6},"end":{"line":490,"column":73}},"214":{"start":{"line":493,"column":18},"end":{"line":496,"column":30}},"215":{"start":{"line":499,"column":26},"end":{"line":504,"column":6}},"216":{"start":{"line":500,"column":22},"end":{"line":500,"column":37}},"217":{"start":{"line":501,"column":6},"end":{"line":501,"column":61}},"218":{"start":{"line":502,"column":6},"end":{"line":502,"column":29}},"219":{"start":{"line":503,"column":6},"end":{"line":503,"column":21}},"220":{"start":{"line":506,"column":4},"end":{"line":506,"column":28}},"221":{"start":{"line":508,"column":4},"end":{"line":508,"column":69}},"222":{"start":{"line":509,"column":4},"end":{"line":509,"column":69}}},"fnMap":{"0":{"name":"(anonymous_0)","decl":{"start":{"line":9,"column":21},"end":{"line":9,"column":22}},"loc":{"start":{"line":9,"column":41},"end":{"line":55,"column":1}},"line":9},"1":{"name":"(anonymous_1)","decl":{"start":{"line":57,"column":27},"end":{"line":57,"column":28}},"loc":{"start":{"line":57,"column":47},"end":{"line":88,"column":1}},"line":57},"2":{"name":"(anonymous_2)","decl":{"start":{"line":76,"column":36},"end":{"line":76,"column":37}},"loc":{"start":{"line":76,"column":44},"end":{"line":81,"column":5}},"line":76},"3":{"name":"(anonymous_3)","decl":{"start":{"line":90,"column":22},"end":{"line":90,"column":23}},"loc":{"start":{"line":90,"column":42},"end":{"line":121,"column":1}},"line":90},"4":{"name":"(anonymous_4)","decl":{"start":{"line":109,"column":36},"end":{"line":109,"column":37}},"loc":{"start":{"line":109,"column":44},"end":{"line":114,"column":5}},"line":109},"5":{"name":"(anonymous_5)","decl":{"start":{"line":123,"column":23},"end":{"line":123,"column":24}},"loc":{"start":{"line":123,"column":43},"end":{"line":146,"column":1}},"line":123},"6":{"name":"(anonymous_6)","decl":{"start":{"line":132,"column":36},"end":{"line":132,"column":37}},"loc":{"start":{"line":132,"column":44},"end":{"line":139,"column":5}},"line":132},"7":{"name":"(anonymous_7)","decl":{"start":{"line":148,"column":19},"end":{"line":148,"column":20}},"loc":{"start":{"line":148,"column":39},"end":{"line":230,"column":1}},"line":148},"8":{"name":"(anonymous_8)","decl":{"start":{"line":176,"column":37},"end":{"line":176,"column":38}},"loc":{"start":{"line":176,"column":43},"end":{"line":176,"column":67}},"line":176},"9":{"name":"(anonymous_9)","decl":{"start":{"line":232,"column":19},"end":{"line":232,"column":20}},"loc":{"start":{"line":232,"column":39},"end":{"line":266,"column":1}},"line":232},"10":{"name":"(anonymous_10)","decl":{"start":{"line":268,"column":21},"end":{"line":268,"column":22}},"loc":{"start":{"line":268,"column":41},"end":{"line":358,"column":1}},"line":268},"11":{"name":"(anonymous_11)","decl":{"start":{"line":292,"column":46},"end":{"line":292,"column":47}},"loc":{"start":{"line":292,"column":55},"end":{"line":295,"column":7}},"line":292},"12":{"name":"(anonymous_12)","decl":{"start":{"line":360,"column":24},"end":{"line":360,"column":25}},"loc":{"start":{"line":360,"column":44},"end":{"line":403,"column":1}},"line":360},"13":{"name":"(anonymous_13)","decl":{"start":{"line":372,"column":6},"end":{"line":372,"column":7}},"loc":{"start":{"line":372,"column":17},"end":{"line":372,"column":53}},"line":372},"14":{"name":"(anonymous_14)","decl":{"start":{"line":405,"column":21},"end":{"line":405,"column":22}},"loc":{"start":{"line":405,"column":41},"end":{"line":431,"column":1}},"line":405},"15":{"name":"(anonymous_15)","decl":{"start":{"line":433,"column":21},"end":{"line":433,"column":22}},"loc":{"start":{"line":433,"column":41},"end":{"line":485,"column":1}},"line":433},"16":{"name":"(anonymous_16)","decl":{"start":{"line":487,"column":24},"end":{"line":487,"column":25}},"loc":{"start":{"line":487,"column":44},"end":{"line":511,"column":1}},"line":487},"17":{"name":"(anonymous_17)","decl":{"start":{"line":499,"column":36},"end":{"line":499,"column":37}},"loc":{"start":{"line":499,"column":44},"end":{"line":504,"column":5}},"line":499}},"branchMap":{"0":{"loc":{"start":{"line":11,"column":4},"end":{"line":13,"column":5}},"type":"if","locations":[{"start":{"line":11,"column":4},"end":{"line":13,"column":5}},{"start":{},"end":{}}],"line":11},"1":{"loc":{"start":{"line":11,"column":8},"end":{"line":11,"column":37}},"type":"binary-expr","locations":[{"start":{"line":11,"column":8},"end":{"line":11,"column":17}},{"start":{"line":11,"column":21},"end":{"line":11,"column":37}}],"line":11},"2":{"loc":{"start":{"line":15,"column":4},"end":{"line":17,"column":5}},"type":"if","locations":[{"start":{"line":15,"column":4},"end":{"line":17,"column":5}},{"start":{},"end":{}}],"line":15},"3":{"loc":{"start":{"line":22,"column":19},"end":{"line":22,"column":45}},"type":"binary-expr","locations":[{"start":{"line":22,"column":19},"end":{"line":22,"column":39}},{"start":{"line":22,"column":43},"end":{"line":22,"column":45}}],"line":22},"4":{"loc":{"start":{"line":23,"column":16},"end":{"line":29,"column":7}},"type":"binary-expr","locations":[{"start":{"line":23,"column":16},"end":{"line":23,"column":33}},{"start":{"line":23,"column":37},"end":{"line":29,"column":7}}],"line":23},"5":{"loc":{"start":{"line":30,"column":15},"end":{"line":34,"column":7}},"type":"binary-expr","locations":[{"start":{"line":30,"column":15},"end":{"line":30,"column":31}},{"start":{"line":30,"column":35},"end":{"line":34,"column":7}}],"line":30},"6":{"loc":{"start":{"line":35,"column":18},"end":{"line":35,"column":43}},"type":"binary-expr","locations":[{"start":{"line":35,"column":18},"end":{"line":35,"column":37}},{"start":{"line":35,"column":41},"end":{"line":35,"column":43}}],"line":35},"7":{"loc":{"start":{"line":59,"column":4},"end":{"line":61,"column":5}},"type":"if","locations":[{"start":{"line":59,"column":4},"end":{"line":61,"column":5}},{"start":{},"end":{}}],"line":59},"8":{"loc":{"start":{"line":59,"column":8},"end":{"line":59,"column":37}},"type":"binary-expr","locations":[{"start":{"line":59,"column":8},"end":{"line":59,"column":17}},{"start":{"line":59,"column":21},"end":{"line":59,"column":37}}],"line":59},"9":{"loc":{"start":{"line":65,"column":4},"end":{"line":67,"column":5}},"type":"if","locations":[{"start":{"line":65,"column":4},"end":{"line":67,"column":5}},{"start":{},"end":{}}],"line":65},"10":{"loc":{"start":{"line":92,"column":4},"end":{"line":94,"column":5}},"type":"if","locations":[{"start":{"line":92,"column":4},"end":{"line":94,"column":5}},{"start":{},"end":{}}],"line":92},"11":{"loc":{"start":{"line":92,"column":8},"end":{"line":92,"column":37}},"type":"binary-expr","locations":[{"start":{"line":92,"column":8},"end":{"line":92,"column":17}},{"start":{"line":92,"column":21},"end":{"line":92,"column":37}}],"line":92},"12":{"loc":{"start":{"line":98,"column":4},"end":{"line":100,"column":5}},"type":"if","locations":[{"start":{"line":98,"column":4},"end":{"line":100,"column":5}},{"start":{},"end":{}}],"line":98},"13":{"loc":{"start":{"line":134,"column":6},"end":{"line":137,"column":7}},"type":"if","locations":[{"start":{"line":134,"column":6},"end":{"line":137,"column":7}},{"start":{},"end":{}}],"line":134},"14":{"loc":{"start":{"line":156,"column":4},"end":{"line":159,"column":5}},"type":"if","locations":[{"start":{"line":156,"column":4},"end":{"line":159,"column":5}},{"start":{},"end":{}}],"line":156},"15":{"loc":{"start":{"line":156,"column":8},"end":{"line":156,"column":59}},"type":"binary-expr","locations":[{"start":{"line":156,"column":8},"end":{"line":156,"column":15}},{"start":{"line":156,"column":19},"end":{"line":156,"column":59}}],"line":156},"16":{"loc":{"start":{"line":165,"column":4},"end":{"line":168,"column":5}},"type":"if","locations":[{"start":{"line":165,"column":4},"end":{"line":168,"column":5}},{"start":{},"end":{}}],"line":165},"17":{"loc":{"start":{"line":173,"column":4},"end":{"line":208,"column":5}},"type":"if","locations":[{"start":{"line":173,"column":4},"end":{"line":208,"column":5}},{"start":{"line":183,"column":11},"end":{"line":208,"column":5}}],"line":173},"18":{"loc":{"start":{"line":195,"column":6},"end":{"line":207,"column":7}},"type":"if","locations":[{"start":{"line":195,"column":6},"end":{"line":207,"column":7}},{"start":{},"end":{}}],"line":195},"19":{"loc":{"start":{"line":227,"column":13},"end":{"line":227,"column":82}},"type":"cond-expr","locations":[{"start":{"line":227,"column":54},"end":{"line":227,"column":70}},{"start":{"line":227,"column":73},"end":{"line":227,"column":82}}],"line":227},"20":{"loc":{"start":{"line":238,"column":4},"end":{"line":240,"column":5}},"type":"if","locations":[{"start":{"line":238,"column":4},"end":{"line":240,"column":5}},{"start":{},"end":{}}],"line":238},"21":{"loc":{"start":{"line":243,"column":4},"end":{"line":249,"column":5}},"type":"if","locations":[{"start":{"line":243,"column":4},"end":{"line":249,"column":5}},{"start":{"line":246,"column":11},"end":{"line":249,"column":5}}],"line":243},"22":{"loc":{"start":{"line":275,"column":4},"end":{"line":277,"column":5}},"type":"if","locations":[{"start":{"line":275,"column":4},"end":{"line":277,"column":5}},{"start":{},"end":{}}],"line":275},"23":{"loc":{"start":{"line":275,"column":8},"end":{"line":275,"column":29}},"type":"binary-expr","locations":[{"start":{"line":275,"column":8},"end":{"line":275,"column":13}},{"start":{"line":275,"column":17},"end":{"line":275,"column":29}}],"line":275},"24":{"loc":{"start":{"line":281,"column":4},"end":{"line":283,"column":5}},"type":"if","locations":[{"start":{"line":281,"column":4},"end":{"line":283,"column":5}},{"start":{},"end":{}}],"line":281},"25":{"loc":{"start":{"line":287,"column":4},"end":{"line":296,"column":5}},"type":"if","locations":[{"start":{"line":287,"column":4},"end":{"line":296,"column":5}},{"start":{},"end":{}}],"line":287},"26":{"loc":{"start":{"line":287,"column":8},"end":{"line":287,"column":39}},"type":"binary-expr","locations":[{"start":{"line":287,"column":8},"end":{"line":287,"column":16}},{"start":{"line":287,"column":20},"end":{"line":287,"column":39}}],"line":287},"27":{"loc":{"start":{"line":313,"column":4},"end":{"line":328,"column":5}},"type":"if","locations":[{"start":{"line":313,"column":4},"end":{"line":328,"column":5}},{"start":{},"end":{}}],"line":313},"28":{"loc":{"start":{"line":313,"column":8},"end":{"line":313,"column":39}},"type":"binary-expr","locations":[{"start":{"line":313,"column":8},"end":{"line":313,"column":16}},{"start":{"line":313,"column":20},"end":{"line":313,"column":39}}],"line":313},"29":{"loc":{"start":{"line":317,"column":8},"end":{"line":326,"column":9}},"type":"if","locations":[{"start":{"line":317,"column":8},"end":{"line":326,"column":9}},{"start":{},"end":{}}],"line":317},"30":{"loc":{"start":{"line":331,"column":4},"end":{"line":338,"column":5}},"type":"if","locations":[{"start":{"line":331,"column":4},"end":{"line":338,"column":5}},{"start":{},"end":{}}],"line":331},"31":{"loc":{"start":{"line":355,"column":13},"end":{"line":355,"column":79}},"type":"cond-expr","locations":[{"start":{"line":355,"column":54},"end":{"line":355,"column":67}},{"start":{"line":355,"column":70},"end":{"line":355,"column":79}}],"line":355},"32":{"loc":{"start":{"line":366,"column":4},"end":{"line":368,"column":5}},"type":"if","locations":[{"start":{"line":366,"column":4},"end":{"line":368,"column":5}},{"start":{},"end":{}}],"line":366},"33":{"loc":{"start":{"line":375,"column":4},"end":{"line":377,"column":5}},"type":"if","locations":[{"start":{"line":375,"column":4},"end":{"line":377,"column":5}},{"start":{},"end":{}}],"line":375},"34":{"loc":{"start":{"line":381,"column":4},"end":{"line":383,"column":5}},"type":"if","locations":[{"start":{"line":381,"column":4},"end":{"line":383,"column":5}},{"start":{},"end":{}}],"line":381},"35":{"loc":{"start":{"line":381,"column":8},"end":{"line":381,"column":81}},"type":"binary-expr","locations":[{"start":{"line":381,"column":8},"end":{"line":381,"column":44}},{"start":{"line":381,"column":48},"end":{"line":381,"column":81}}],"line":381},"36":{"loc":{"start":{"line":410,"column":4},"end":{"line":412,"column":5}},"type":"if","locations":[{"start":{"line":410,"column":4},"end":{"line":412,"column":5}},{"start":{},"end":{}}],"line":410},"37":{"loc":{"start":{"line":414,"column":4},"end":{"line":416,"column":5}},"type":"if","locations":[{"start":{"line":414,"column":4},"end":{"line":416,"column":5}},{"start":{},"end":{}}],"line":414},"38":{"loc":{"start":{"line":440,"column":4},"end":{"line":442,"column":5}},"type":"if","locations":[{"start":{"line":440,"column":4},"end":{"line":442,"column":5}},{"start":{},"end":{}}],"line":440},"39":{"loc":{"start":{"line":445,"column":4},"end":{"line":447,"column":5}},"type":"if","locations":[{"start":{"line":445,"column":4},"end":{"line":447,"column":5}},{"start":{},"end":{}}],"line":445},"40":{"loc":{"start":{"line":450,"column":4},"end":{"line":452,"column":5}},"type":"if","locations":[{"start":{"line":450,"column":4},"end":{"line":452,"column":5}},{"start":{},"end":{}}],"line":450},"41":{"loc":{"start":{"line":457,"column":19},"end":{"line":457,"column":45}},"type":"binary-expr","locations":[{"start":{"line":457,"column":19},"end":{"line":457,"column":39}},{"start":{"line":457,"column":43},"end":{"line":457,"column":45}}],"line":457},"42":{"loc":{"start":{"line":458,"column":16},"end":{"line":458,"column":50}},"type":"binary-expr","locations":[{"start":{"line":458,"column":16},"end":{"line":458,"column":33}},{"start":{"line":458,"column":37},"end":{"line":458,"column":50}}],"line":458},"43":{"loc":{"start":{"line":459,"column":15},"end":{"line":459,"column":47}},"type":"binary-expr","locations":[{"start":{"line":459,"column":15},"end":{"line":459,"column":31}},{"start":{"line":459,"column":35},"end":{"line":459,"column":47}}],"line":459},"44":{"loc":{"start":{"line":460,"column":18},"end":{"line":460,"column":56}},"type":"binary-expr","locations":[{"start":{"line":460,"column":18},"end":{"line":460,"column":37}},{"start":{"line":460,"column":41},"end":{"line":460,"column":56}}],"line":460},"45":{"loc":{"start":{"line":471,"column":4},"end":{"line":473,"column":5}},"type":"if","locations":[{"start":{"line":471,"column":4},"end":{"line":473,"column":5}},{"start":{},"end":{}}],"line":471},"46":{"loc":{"start":{"line":489,"column":4},"end":{"line":491,"column":5}},"type":"if","locations":[{"start":{"line":489,"column":4},"end":{"line":491,"column":5}},{"start":{},"end":{}}],"line":489},"47":{"loc":{"start":{"line":489,"column":8},"end":{"line":489,"column":37}},"type":"binary-expr","locations":[{"start":{"line":489,"column":8},"end":{"line":489,"column":17}},{"start":{"line":489,"column":21},"end":{"line":489,"column":37}}],"line":489}},"s":{"0":2,"1":2,"2":2,"3":2,"4":2,"5":2,"6":2,"7":2,"8":0,"9":0,"10":0,"11":0,"12":0,"13":0,"14":0,"15":0,"16":0,"17":0,"18":0,"19":0,"20":0,"21":2,"22":0,"23":0,"24":0,"25":0,"26":0,"27":0,"28":0,"29":0,"30":0,"31":0,"32":0,"33":0,"34":0,"35":0,"36":0,"37":2,"38":0,"39":0,"40":0,"41":0,"42":0,"43":0,"44":0,"45":0,"46":0,"47":0,"48":0,"49":0,"50":0,"51":0,"52":0,"53":2,"54":0,"55":0,"56":0,"57":0,"58":0,"59":0,"60":0,"61":0,"62":0,"63":0,"64":0,"65":0,"66":2,"67":0,"68":0,"69":0,"70":0,"71":0,"72":0,"73":0,"74":0,"75":0,"76":0,"77":0,"78":0,"79":0,"80":0,"81":0,"82":0,"83":0,"84":0,"85":0,"86":0,"87":0,"88":0,"89":0,"90":0,"91":0,"92":0,"93":0,"94":0,"95":0,"96":0,"97":0,"98":0,"99":0,"100":0,"101":2,"102":0,"103":0,"104":0,"105":0,"106":0,"107":0,"108":0,"109":0,"110":0,"111":0,"112":0,"113":0,"114":0,"115":0,"116":0,"117":0,"118":0,"119":0,"120":2,"121":0,"122":0,"123":0,"124":0,"125":0,"126":0,"127":0,"128":0,"129":0,"130":0,"131":0,"132":0,"133":0,"134":0,"135":0,"136":0,"137":0,"138":0,"139":0,"140":0,"141":0,"142":0,"143":0,"144":0,"145":0,"146":0,"147":0,"148":0,"149":0,"150":0,"151":0,"152":0,"153":2,"154":0,"155":0,"156":0,"157":0,"158":0,"159":0,"160":0,"161":0,"162":0,"163":0,"164":0,"165":0,"166":0,"167":0,"168":0,"169":0,"170":0,"171":0,"172":0,"173":0,"174":0,"175":0,"176":2,"177":0,"178":0,"179":0,"180":0,"181":0,"182":0,"183":0,"184":0,"185":0,"186":0,"187":0,"188":0,"189":2,"190":0,"191":0,"192":0,"193":0,"194":0,"195":0,"196":0,"197":0,"198":0,"199":0,"200":0,"201":0,"202":0,"203":0,"204":0,"205":0,"206":0,"207":0,"208":0,"209":0,"210":2,"211":0,"212":0,"213":0,"214":0,"215":0,"216":0,"217":0,"218":0,"219":0,"220":0,"221":0,"222":0},"f":{"0":0,"1":0,"2":0,"3":0,"4":0,"5":0,"6":0,"7":0,"8":0,"9":0,"10":0,"11":0,"12":0,"13":0,"14":0,"15":0,"16":0,"17":0},"b":{"0":[0,0],"1":[0,0],"2":[0,0],"3":[0,0],"4":[0,0],"5":[0,0],"6":[0,0],"7":[0,0],"8":[0,0],"9":[0,0],"10":[0,0],"11":[0,0],"12":[0,0],"13":[0,0],"14":[0,0],"15":[0,0],"16":[0,0],"17":[0,0],"18":[0,0],"19":[0,0],"20":[0,0],"21":[0,0],"22":[0,0],"23":[0,0],"24":[0,0],"25":[0,0],"26":[0,0],"27":[0,0],"28":[0,0],"29":[0,0],"30":[0,0],"31":[0,0],"32":[0,0],"33":[0,0],"34":[0,0],"35":[0,0],"36":[0,0],"37":[0,0],"38":[0,0],"39":[0,0],"40":[0,0],"41":[0,0],"42":[0,0],"43":[0,0],"44":[0,0],"45":[0,0],"46":[0,0],"47":[0,0]},"_coverageSchema":"1a1c01bbd47fc00a2c39e90264f33305004495a9","hash":"2c85d502225687723c557e3d03114bc9f1cfaa26"}
,"F:\\Travo\\TRAVEL-AND-EXPLORATION-MOBILE-APP\\backend\\controllers\\profileController.js": {"path":"F:\\Travo\\TRAVEL-AND-EXPLORATION-MOBILE-APP\\backend\\controllers\\profileController.js","statementMap":{"0":{"start":{"line":1,"column":16},"end":{"line":1,"column":44}},"1":{"start":{"line":2,"column":13},"end":{"line":2,"column":38}},"2":{"start":{"line":3,"column":15},"end":{"line":3,"column":42}},"3":{"start":{"line":5,"column":0},"end":{"line":52,"column":2}},"4":{"start":{"line":6,"column":2},"end":{"line":51,"column":3}},"5":{"start":{"line":7,"column":19},"end":{"line":7,"column":36}},"6":{"start":{"line":10,"column":17},"end":{"line":10,"column":44}},"7":{"start":{"line":11,"column":4},"end":{"line":13,"column":5}},"8":{"start":{"line":12,"column":6},"end":{"line":12,"column":65}},"9":{"start":{"line":16,"column":18},"end":{"line":16,"column":51}},"10":{"start":{"line":17,"column":4},"end":{"line":33,"column":5}},"11":{"start":{"line":19,"column":6},"end":{"line":32,"column":9}},"12":{"start":{"line":36,"column":21},"end":{"line":45,"column":5}},"13":{"start":{"line":47,"column":4},"end":{"line":47,"column":23}},"14":{"start":{"line":49,"column":4},"end":{"line":49,"column":46}},"15":{"start":{"line":50,"column":4},"end":{"line":50,"column":65}},"16":{"start":{"line":54,"column":0},"end":{"line":121,"column":2}},"17":{"start":{"line":55,"column":2},"end":{"line":120,"column":3}},"18":{"start":{"line":56,"column":4},"end":{"line":58,"column":5}},"19":{"start":{"line":57,"column":6},"end":{"line":57,"column":73}},"20":{"start":{"line":61,"column":18},"end":{"line":61,"column":68}},"21":{"start":{"line":62,"column":4},"end":{"line":75,"column":5}},"22":{"start":{"line":63,"column":6},"end":{"line":74,"column":9}},"23":{"start":{"line":78,"column":17},"end":{"line":78,"column":53}},"24":{"start":{"line":79,"column":4},"end":{"line":81,"column":5}},"25":{"start":{"line":80,"column":6},"end":{"line":80,"column":65}},"26":{"start":{"line":84,"column":4},"end":{"line":84,"column":61}},"27":{"start":{"line":84,"column":27},"end":{"line":84,"column":61}},"28":{"start":{"line":85,"column":4},"end":{"line":94,"column":5}},"29":{"start":{"line":86,"column":27},"end":{"line":89,"column":8}},"30":{"start":{"line":90,"column":6},"end":{"line":92,"column":7}},"31":{"start":{"line":91,"column":8},"end":{"line":91,"column":75}},"32":{"start":{"line":93,"column":6},"end":{"line":93,"column":40}},"33":{"start":{"line":95,"column":4},"end":{"line":95,"column":73}},"34":{"start":{"line":95,"column":31},"end":{"line":95,"column":73}},"35":{"start":{"line":98,"column":4},"end":{"line":98,"column":63}},"36":{"start":{"line":98,"column":36},"end":{"line":98,"column":63}},"37":{"start":{"line":99,"column":4},"end":{"line":99,"column":78}},"38":{"start":{"line":99,"column":41},"end":{"line":99,"column":78}},"39":{"start":{"line":100,"column":4},"end":{"line":100,"column":73}},"40":{"start":{"line":100,"column":30},"end":{"line":100,"column":73}},"41":{"start":{"line":101,"column":4},"end":{"line":101,"column":67}},"42":{"start":{"line":101,"column":28},"end":{"line":101,"column":67}},"43":{"start":{"line":104,"column":4},"end":{"line":104,"column":53}},"44":{"start":{"line":107,"column":4},"end":{"line":116,"column":7}},"45":{"start":{"line":118,"column":4},"end":{"line":118,"column":49}},"46":{"start":{"line":119,"column":4},"end":{"line":119,"column":66}},"47":{"start":{"line":123,"column":0},"end":{"line":146,"column":2}},"48":{"start":{"line":124,"column":2},"end":{"line":145,"column":3}},"49":{"start":{"line":125,"column":4},"end":{"line":127,"column":5}},"50":{"start":{"line":126,"column":6},"end":{"line":126,"column":73}},"51":{"start":{"line":129,"column":18},"end":{"line":129,"column":68}},"52":{"start":{"line":130,"column":4},"end":{"line":132,"column":5}},"53":{"start":{"line":131,"column":6},"end":{"line":131,"column":68}},"54":{"start":{"line":135,"column":4},"end":{"line":138,"column":6}},"55":{"start":{"line":140,"column":4},"end":{"line":140,"column":25}},"56":{"start":{"line":141,"column":4},"end":{"line":141,"column":22}},"57":{"start":{"line":143,"column":4},"end":{"line":143,"column":47}},"58":{"start":{"line":144,"column":4},"end":{"line":144,"column":64}},"59":{"start":{"line":148,"column":0},"end":{"line":192,"column":2}},"60":{"start":{"line":149,"column":2},"end":{"line":191,"column":3}},"61":{"start":{"line":150,"column":23},"end":{"line":150,"column":33}},"62":{"start":{"line":151,"column":23},"end":{"line":151,"column":38}},"63":{"start":{"line":154,"column":4},"end":{"line":156,"column":5}},"64":{"start":{"line":155,"column":6},"end":{"line":155,"column":73}},"65":{"start":{"line":159,"column":24},"end":{"line":159,"column":57}},"66":{"start":{"line":160,"column":4},"end":{"line":162,"column":5}},"67":{"start":{"line":161,"column":6},"end":{"line":161,"column":65}},"68":{"start":{"line":164,"column":28},"end":{"line":164,"column":73}},"69":{"start":{"line":165,"column":4},"end":{"line":167,"column":5}},"70":{"start":{"line":166,"column":6},"end":{"line":166,"column":77}},"71":{"start":{"line":169,"column":24},"end":{"line":169,"column":66}},"72":{"start":{"line":170,"column":4},"end":{"line":172,"column":5}},"73":{"start":{"line":171,"column":6},"end":{"line":171,"column":78}},"74":{"start":{"line":175,"column":4},"end":{"line":175,"column":43}},"75":{"start":{"line":176,"column":4},"end":{"line":176,"column":43}},"76":{"start":{"line":178,"column":4},"end":{"line":181,"column":7}},"77":{"start":{"line":183,"column":4},"end":{"line":187,"column":7}},"78":{"start":{"line":189,"column":4},"end":{"line":189,"column":46}},"79":{"start":{"line":190,"column":4},"end":{"line":190,"column":63}},"80":{"start":{"line":194,"column":0},"end":{"line":238,"column":2}},"81":{"start":{"line":195,"column":2},"end":{"line":237,"column":3}},"82":{"start":{"line":196,"column":23},"end":{"line":196,"column":33}},"83":{"start":{"line":197,"column":23},"end":{"line":197,"column":38}},"84":{"start":{"line":200,"column":4},"end":{"line":202,"column":5}},"85":{"start":{"line":201,"column":6},"end":{"line":201,"column":75}},"86":{"start":{"line":205,"column":24},"end":{"line":205,"column":57}},"87":{"start":{"line":206,"column":4},"end":{"line":208,"column":5}},"88":{"start":{"line":207,"column":6},"end":{"line":207,"column":65}},"89":{"start":{"line":210,"column":28},"end":{"line":210,"column":73}},"90":{"start":{"line":211,"column":4},"end":{"line":213,"column":5}},"91":{"start":{"line":212,"column":6},"end":{"line":212,"column":77}},"92":{"start":{"line":215,"column":24},"end":{"line":215,"column":66}},"93":{"start":{"line":216,"column":4},"end":{"line":218,"column":5}},"94":{"start":{"line":217,"column":6},"end":{"line":217,"column":74}},"95":{"start":{"line":221,"column":4},"end":{"line":221,"column":93}},"96":{"start":{"line":221,"column":63},"end":{"line":221,"column":91}},"97":{"start":{"line":222,"column":4},"end":{"line":222,"column":97}},"98":{"start":{"line":222,"column":71},"end":{"line":222,"column":95}},"99":{"start":{"line":224,"column":4},"end":{"line":227,"column":7}},"100":{"start":{"line":229,"column":4},"end":{"line":233,"column":7}},"101":{"start":{"line":235,"column":4},"end":{"line":235,"column":48}},"102":{"start":{"line":236,"column":4},"end":{"line":236,"column":65}},"103":{"start":{"line":240,"column":0},"end":{"line":257,"column":2}},"104":{"start":{"line":241,"column":2},"end":{"line":256,"column":3}},"105":{"start":{"line":242,"column":20},"end":{"line":246,"column":8}},"106":{"start":{"line":248,"column":4},"end":{"line":250,"column":5}},"107":{"start":{"line":249,"column":6},"end":{"line":249,"column":68}},"108
[...]
,"F:\\Travo\\TRAVEL-AND-EXPLORATION-MOBILE-APP\\backend\\middleware\\validation.js": {"path":"F:\\Travo\\TRAVEL-AND-EXPLORATION-MOBILE-APP\\backend\\middleware\\validation.js","statementMap":{"0":{"start":{"line":1,"column":21},"end":{"line":1,"column":46}},"1":{"start":{"line":3,"column":0},"end":{"line":28,"column":2}},"2":{"start":{"line":4,"column":53},"end":{"line":4,"column":61}},"3":{"start":{"line":6,"column":2},"end":{"line":8,"column":3}},"4":{"start":{"line":7,"column":4},"end":{"line":7,"column":73}},"5":{"start":{"line":11,"column":21},"end":{"line":11,"column":49}},"6":{"start":{"line":12,"column":2},"end":{"line":14,"column":3}},"7":{"start":{"line":13,"column":4},"end":{"line":13,"column":75}},"8":{"start":{"line":17,"column":2},"end":{"line":19,"column":3}},"9":{"start":{"line":18,"column":4},"end":{"line":18,"column":82}},"10":{"start":{"line":22,"column":28},"end":{"line":22,"column":51}},"11":{"start":{"line":23,"column":2},"end":{"line":25,"column":3}},"12":{"start":{"line":24,"column":4},"end":{"line":24,"column":59}},"13":{"start":{"line":27,"column":2},"end":{"line":27,"column":9}},"14":{"start":{"line":30,"column":0},"end":{"line":44,"column":2}},"15":{"start":{"line":31,"column":30},"end":{"line":31,"column":38}},"16":{"start":{"line":33,"column":2},"end":{"line":35,"column":3}},"17":{"start":{"line":34,"column":4},"end":{"line":34,"column":77}},"18":{"start":{"line":38,"column":21},"end":{"line":38,"column":49}},"19":{"start":{"line":39,"column":2},"end":{"line":41,"column":3}},"20":{"start":{"line":40,"column":4},"end":{"line":40,"column":75}},"21":{"start":{"line":43,"column":2},"end":{"line":43,"column":9}}},"fnMap":{"0":{"name":"(anonymous_0)","decl":{"start":{"line":3,"column":31},"end":{"line":3,"column":32}},"loc":{"start":{"line":3,"column":51},"end":{"line":28,"column":1}},"line":3},"1":{"name":"(anonymous_1)","decl":{"start":{"line":30,"column":24},"end":{"line":30,"column":25}},"loc":{"start":{"line":30,"column":44},"end":{"line":44,"column":1}},"line":30}},"branchMap":{"0":{"loc":{"start":{"line":6,"column":2},"end":{"line":8,"column":3}},"type":"if","locations":[{"start":{"line":6,"column":2},"end":{"line":8,"column":3}},{"start":{},"end":{}}],"line":6},"1":{"loc":{"start":{"line":6,"column":6},"end":{"line":6,"column":54}},"type":"binary-expr","locations":[{"start":{"line":6,"column":6},"end":{"line":6,"column":15}},{"start":{"line":6,"column":19},"end":{"line":6,"column":25}},{"start":{"line":6,"column":29},"end":{"line":6,"column":38}},{"start":{"line":6,"column":42},"end":{"line":6,"column":54}}],"line":6},"2":{"loc":{"start":{"line":12,"column":2},"end":{"line":14,"column":3}},"type":"if","locations":[{"start":{"line":12,"column":2},"end":{"line":14,"column":3}},{"start":{},"end":{}}],"line":12},"3":{"loc":{"start":{"line":17,"column":2},"end":{"line":19,"column":3}},"type":"if","locations":[{"start":{"line":17,"column":2},"end":{"line":19,"column":3}},{"start":{},"end":{}}],"line":17},"4":{"loc":{"start":{"line":23,"column":2},"end":{"line":25,"column":3}},"type":"if","locations":[{"start":{"line":23,"column":2},"end":{"line":25,"column":3}},{"start":{},"end":{}}],"line":23},"5":{"loc":{"start":{"line":33,"column":2},"end":{"line":35,"column":3}},"type":"if","locations":[{"start":{"line":33,"column":2},"end":{"line":35,"column":3}},{"start":{},"end":{}}],"line":33},"6":{"loc":{"start":{"line":33,"column":6},"end":{"line":33,"column":25}},"type":"binary-expr","locations":[{"start":{"line":33,"column":6},"end":{"line":33,"column":12}},{"start":{"line":33,"column":16},"end":{"line":33,"column":25}}],"line":33},"7":{"loc":{"start":{"line":39,"column":2},"end":{"line":41,"column":3}},"type":"if","locations":[{"start":{"line":39,"column":2},"end":{"line":41,"column":3}},{"start":{},"end":{}}],"line":39}},"s":{"0":2,"1":2,"2":0,"3":0,"4":0,"5":0,"6":0,"7":0,"8":0,"9":0,"10":0,"11":0,"12":0,"13":0,"14":2,"15":0,"16":0,"17":0,"18":0,"19":0,"20":0,"21":0},"f":{"0":0,"1":0},"b":{"0":[0,0],"1":[0,0,0,0],"2":[0,0],"3":[0,0],"4":[0,0],"5":[0,0],"6":[0,0],"7":[0,0]},"_coverageSchema":"1a1c01bbd47fc00a2c39e90264f33305004495a9","hash":"c69a99a8a6034fccf9fd053c917887980ccb5de4"}
,"F:\\Travo\\TRAVEL-AND-EXPLORATION-MOBILE-APP\\backend\\models\\Guide.js": {"path":"F:\\Travo\\TRAVEL-AND-EXPLORATION-MOBILE-APP\\backend\\models\\Guide.js","statementMap":{"0":{"start":{"line":1,"column":17},"end":{"line":1,"column":36}},"1":{"start":{"line":3,"column":20},"end":{"line":48,"column":2}},"2":{"start":{"line":51,"column":0},"end":{"line":56,"column":3}},"3":{"start":{"line":59,"column":0},"end":{"line":59,"column":48}},"4":{"start":{"line":60,"column":0},"end":{"line":60,"column":35}},"5":{"start":{"line":61,"column":0},"end":{"line":61,"column":34}},"6":{"start":{"line":62,"column":0},"end":{"line":62,"column":37}},"7":{"start":{"line":64,"column":0},"end":{"line":64,"column":54}}},"fnMap":{},"branchMap":{},"s":{"0":2,"1":2,"2":2,"3":2,"4":2,"5":2,"6":2,"7":2},"f":{},"b":{},"_coverageSchema":"1a1c01bbd47fc00a2c39e90264f33305004495a9","hash":"3cb5e81d58e4e3f01951720e4e44f73245fde3cc"}
,"F:\\Travo\\TRAVEL-AND-EXPLORATION-MOBILE-APP\\backend\\models\\Notification.js": {"path":"F:\\Travo\\TRAVEL-AND-EXPLORATION-MOBILE-APP\\backend\\models\\Notification.js","statementMap":{"0":{"start":{"line":1,"column":17},"end":{"line":1,"column":36}},"1":{"start":{"line":3,"column":27},"end":{"line":46,"column":2}},"2":{"start":{"line":24,"column":6},"end":{"line":24,"column":64}},"3":{"start":{"line":31,"column":6},"end":{"line":31,"column":37}},"4":{"start":{"line":41,"column":6},"end":{"line":41,"column":37}},"5":{"start":{"line":49,"column":0},"end":{"line":49,"column":55}},"6":{"start":{"line":50,"column":0},"end":{"line":50,"column":38}},"7":{"start":{"line":51,"column":0},"end":{"line":51,"column":38}},"8":{"start":{"line":54,"column":0},"end":{"line":67,"column":3}},"9":{"start":{"line":55,"column":2},"end":{"line":66,"column":3}},"10":{"start":{"line":57,"column":4},"end":{"line":57,"column":29}},"11":{"start":{"line":59,"column":4},"end":{"line":59,"column":36}},"12":{"start":{"line":61,"column":4},"end":{"line":61,"column":35}},"13":{"start":{"line":63,"column":4},"end":{"line":63,"column":57}},"14":{"start":{"line":65,"column":4},"end":{"line":65,"column":42}},"15":{"start":{"line":69,"column":0},"end":{"line":69,"column":68}}},"fnMap":{"0":{"name":"(anonymous_0)","decl":{"start":{"line":23,"column":14},"end":{"line":23,"column":15}},"loc":{"start":{"line":23,"column":25},"end":{"line":25,"column":5}},"line":23},"1":{"name":"(anonymous_1)","decl":{"start":{"line":30,"column":14},"end":{"line":30,"column":15}},"loc":{"start":{"line":30,"column":25},"end":{"line":32,"column":5}},"line":30},"2":{"name":"(anonymous_2)","decl":{"start":{"line":40,"column":14},"end":{"line":40,"column":15}},"loc":{"start":{"line":40,"column":25},"end":{"line":42,"column":5}},"line":40},"3":{"name":"(anonymous_3)","decl":{"start":{"line":54,"column":39},"end":{"line":54,"column":40}},"loc":{"start":{"line":54,"column":50},"end":{"line":67,"column":1}},"line":54}},"branchMap":{"0":{"loc":{"start":{"line":55,"column":2},"end":{"line":66,"column":3}},"type":"switch","locations":[{"start":{"line":56,"column":2},"end":{"line":57,"column":29}},{"start":{"line":58,"column":2},"end":{"line":59,"column":36}},{"start":{"line":60,"column":2},"end":{"line":61,"column":35}},{"start":{"line":62,"column":2},"end":{"line":63,"column":57}},{"start":{"line":64,"column":2},"end":{"line":65,"column":42}}],"line":55}},"s":{"0":2,"1":2,"2":0,"3":0,"4":0,"5":2,"6":2,"7":2,"8":2,"9":0,"10":0,"11":0,"12":0,"13":0,"14":0,"15":2},"f":{"0":0,"1":0,"2":0,"3":0},"b":{"0":[0,0,0,0,0]},"_coverageSchema":"1a1c01bbd47fc00a2c39e90264f33305004495a9","hash":"733ec7b40ea2d780204c3d9f17c784e5fbded8d1"}
,"F:\\Travo\\TRAVEL-AND-EXPLORATION-MOBILE-APP\\backend\\models\\Post.js": {"path":"F:\\Travo\\TRAVEL-AND-EXPLORATION-MOBILE-APP\\backend\\models\\Post.js","statementMap":{"0":{"start":{"line":1,"column":17},"end":{"line":1,"column":36}},"1":{"start":{"line":3,"column":19},"end":{"line":86,"column":2}},"2":{"start":{"line":89,"column":0},"end":{"line":91,"column":3}},"3":{"start":{"line":90,"column":2},"end":{"line":90,"column":27}},"4":{"start":{"line":94,"column":0},"end":{"line":96,"column":3}},"5":{"start":{"line":95,"column":2},"end":{"line":95,"column":30}},"6":{"start":{"line":99,"column":0},"end":{"line":101,"column":3}},"7":{"start":{"line":100,"column":2},"end":{"line":100,"column":29}},"8":{"start":{"line":104,"column":0},"end":{"line":104,"column":47}},"9":{"start":{"line":105,"column":0},"end":{"line":105,"column":57}},"10":{"start":{"line":106,"column":0},"end":{"line":106,"column":31}},"11":{"start":{"line":107,"column":0},"end":{"line":107,"column":33}},"12":{"start":{"line":109,"column":0},"end":{"line":109,"column":52}}},"fnMap":{"0":{"name":"(anonymous_0)","decl":{"start":{"line":89,"column":37},"end":{"line":89,"column":38}},"loc":{"start":{"line":89,"column":48},"end":{"line":91,"column":1}},"line":89},"1":{"name":"(anonymous_1)","decl":{"start":{"line":94,"column":40},"end":{"line":94,"column":41}},"loc":{"start":{"line":94,"column":51},"end":{"line":96,"column":1}},"line":94},"2":{"name":"(anonymous_2)","decl":{"start":{"line":99,"column":37},"end":{"line":99,"column":38}},"loc":{"start":{"line":99,"column":48},"end":{"line":101,"column":1}},"line":99}},"branchMap":{},"s":{"0":2,"1":2,"2":2,"3":0,"4":2,"5":0,"6":2,"7":0,"8":2,"9":2,"10":2,"11":2,"12":2},"f":{"0":0,"1":0,"2":0},"b":{},"_coverageSchema":"1a1c01bbd47fc00a2c39e90264f33305004495a9","hash":"8e1eacf37cdaf4a504f8591bd5c7380c8a7315a7"}
,"F:\\Travo\\TRAVEL-AND-EXPLORATION-MOBILE-APP\\backend\\models\\Profile.js": {"path":"F:\\Travo\\TRAVEL-AND-EXPLORATION-MOBILE-APP\\backend\\models\\Profile.js","statementMap":{"0":{"start":{"line":1,"column":17},"end":{"line":1,"column":36}},"1":{"start":{"line":3,"column":22},"end":{"line":51,"column":2}},"2":{"start":{"line":53,"column":0},"end":{"line":53,"column":58}}},"fnMap":{},"branchMap":{},"s":{"0":2,"1":2,"2":2},"f":{},"b":{},"_coverageSchema":"1a1c01bbd47fc00a2c39e90264f33305004495a9","hash":"d5be6ade85bcc94541706b3df357c9ccc95e70e3"}
,"F:\\Travo\\TRAVEL-AND-EXPLORATION-MOBILE-APP\\backend\\models\\User.js": {"path":"F:\\Travo\\TRAVEL-AND-EXPLORATION-MOBILE-APP\\backend\\models\\User.js","statementMap":{"0":{"start":{"line":1,"column":17},"end":{"line":1,"column":36}},"1":{"start":{"line":3,"column":19},"end":{"line":39,"column":2}},"2":{"start":{"line":41,"column":0},"end":{"line":41,"column":52}}},"fnMap":{},"branchMap":{},"s":{"0":2,"1":2,"2":2},"f":{},"b":{},"_coverageSchema":"1a1c01bbd47fc00a2c39e90264f33305004495a9","hash":"e59272c8ca691be8dcc2474e88df087eb46b0a73"}
,"F:\\Travo\\TRAVEL-AND-EXPLORATION-MOBILE-APP\\backend\\routes\\auth.js": {"path":"F:\\Travo\\TRAVEL-AND-EXPLORATION-MOBILE-APP\\backend\\routes\\auth.js","statementMap":{"0":{"start":{"line":1,"column":15},"end":{"line":1,"column":42}},"1":{"start":{"line":2,"column":23},"end":{"line":2,"column":63}},"2":{"start":{"line":3,"column":48},"end":{"line":3,"column":83}},"3":{"start":{"line":6,"column":0},"end":{"line":6,"column":72}},"4":{"start":{"line":9,"column":0},"end":{"line":9,"column":59}},"5":{"start":{"line":12,"column":0},"end":{"line":12,"column":57}},"6":{"start":{"line":15,"column":0},"end":{"line":15,"column":61}},"7":{"start":{"line":17,"column":0},"end":{"line":17,"column":24}}},"fnMap":{},"branchMap":{},"s":{"0":2,"1":2,"2":2,"3":2,"4":2,"5":2,"6":2,"7":2},"f":{},"b":{},"_coverageSchema":"1a1c01bbd47fc00a2c39e90264f33305004495a9","hash":"68d61ab07ced0da9429d875f870627e7c57b2bc4"}
,"F:\\Travo\\TRAVEL-AND-EXPLORATION-MOBILE-APP\\backend\\routes\\guide.js": {"path":"F:\\Travo\\TRAVEL-AND-EXPLORATION-MOBILE-APP\\backend\\routes\\guide.js","statementMap":{"0":{"start":{"line":1,"column":15},"end":{"line":1,"column":42}},"1":{"start":{"line":2,"column":24},"end":{"line":2,"column":65}},"2":{"start":{"line":3,"column":13},"end":{"line":3,"column":42}},"3":{"start":{"line":6,"column":0},"end":{"line":6,"column":52}},"4":{"start":{"line":9,"column":0},"end":{"line":9,"column":46}},"5":{"start":{"line":12,"column":0},"end":{"line":12,"column":59}},"6":{"start":{"line":15,"column":0},"end":{"line":15,"column":63}},"7":{"start":{"line":18,"column":0},"end":{"line":18,"column":69}},"8":{"start":{"line":21,"column":0},"end":{"line":21,"column":62}},"9":{"start":{"line":23,"column":0},"end":{"line":23,"column":24}}},"fnMap":{},"branchMap":{},"s":{"0":2,"1":2,"2":2,"3":2,"4":2,"5":2,"6":2,"7":2,"8":2,"9":2},"f":{},"b":{},"_coverageSchema":"1a1c01bbd47fc00a2c39e90264f33305004495a9","hash":"7d2ad79c1e5f09a676def4b913f378f351ac93df"}
,"F:\\Travo\\TRAVEL-AND-EXPLORATION-MOBILE-APP\\backend\\routes\\notification.js": {"path":"F:\\Travo\\TRAVEL-AND-EXPLORATION-MOBILE-APP\\backend\\routes\\notification.js","statementMap":{"0":{"start":{"line":1,"column":15},"end":{"line":1,"column":42}},"1":{"start":{"line":2,"column":31},"end":{"line":2,"column":79}},"2":{"start":{"line":3,"column":13},"end":{"line":3,"column":42}},"3":{"start":{"line":6,"column":0},"end":{"line":6,"column":17}},"4":{"start":{"line":9,"column":0},"end":{"line":9,"column":57}},"5":{"start":{"line":12,"column":0},"end":{"line":12,"column":71}},"6":{"start":{"line":15,"column":0},"end":{"line":15,"column":62}},"7":{"start":{"line":17,"column":0},"end":{"line":17,"column":24}}},"fnMap":{},"branchMap":{},"s":{"0":2,"1":2,"2":2,"3":2,"4":2,"5":2,"6":2,"7":2},"f":{},"b":{},"_coverageSchema":"1a1c01bbd47fc00a2c39e90264f33305004495a9","hash":"a62aa0982411b99dd38fdd821a5d0d476c2b5894"}
,"F:\\Travo\\TRAVEL-AND-EXPLORATION-MOBILE-APP\\backend\\routes\\post.js": {"path":"F:\\Travo\\TRAVEL-AND-EXPLORATION-MOBILE-APP\\backend\\routes\\post.js","statementMap":{"0":{"start":{"line":1,"column":15},"end":{"line":1,"column":42}},"1":{"start":{"line":2,"column":23},"end":{"line":2,"column":63}},"2":{"start":{"line":3,"column":13},"end":{"line":3,"column":42}},"3":{"start":{"line":6,"column":0},"end":{"line":6,"column":57}},"4":{"start":{"line":9,"column":0},"end":{"line":9,"column":17}},"5":{"start":{"line":12,"column":0},"end":{"line":12,"column":44}},"6":{"start":{"line":13,"column":0},"end":{"line":13,"column":58}},"7":{"start":{"line":14,"column":0},"end":{"line":14,"column":51}},"8":{"start":{"line":17,"column":0},"end":{"line":17,"column":44}},"9":{"start":{"line":20,"column":0},"end":{"line":20,"column":50}},"10":{"start":{"line":23,"column":0},"end":{"line":23,"column":54}},"11":{"start":{"line":26,"column":0},"end":{"line":26,"column":54}},"12":{"start":{"line":29,"column":0},"end":{"line":29,"column":59}},"13":{"start":{"line":30,"column":0},"end":{"line":30,"column":75}},"14":{"start":{"line":33,"column":0},"end":{"line":33,"column":53}},"15":{"start":{"line":35,"column":0},"end":{"line":35,"column":24}}},"fnMap":{},"branchMap":{},"s":{"0":2,"1":2,"2":2,"3":2,"4":2,"5":2,"6":2,"7":2,"8":2,"9":2,"10":2,"11":2,"12":2,"13":2,"14":2,"15":2},"f":{},"b":{},"_coverageSchema":"1a1c01bbd47fc00a2c39e90264f33305004495a9","hash":"05c8c82243375897bf475c9c9f830e0ac8429033"}
,"F:\\Travo\\TRAVEL-AND-EXPLORATION-MOBILE-APP\\backend\\routes\\profile.js": {"path":"F:\\Travo\\TRAVEL-AND-EXPLORATION-MOBILE-APP\\backend\\routes\\profile.js","statementMap":{"0":{"start":{"line":1,"column":15},"end":{"line":1,"column":42}},"1":{"start":{"line":2,"column":26},"end":{"line":2,"column":69}},"2":{"start":{"line":3,"column":13},"end":{"line":3,"column":42}},"3":{"start":{"line":6,"column":0},"end":{"line":6,"column":53}},"4":{"start":{"line":9,"column":0},"end":{"line":9,"column":61}},"5":{"start":{"line":12,"column":0},"end":{"line":12,"column":58}},"6":{"start":{"line":15,"column":0},"end":{"line":15,"column":67}},"7":{"start":{"line":18,"column":0},"end":{"line":18,"column":71}},"8":{"start":{"line":21,"column":0},"end":{"line":21,"column":71}},"9":{"start":{"line":24,"column":0},"end":{"line":24,"column":71}},"10":{"start":{"line":26,"column":0},"end":{"line":26,"column":24}}},"fnMap":{},"branchMap":{},"s":{"0":2,"1":2,"2":2,"3":2,"4":2,"5":2,"6":2,"7":2,"8":2,"9":2,"10":2},"f":{},"b":{},"_coverageSchema":"1a1c01bbd47fc00a2c39e90264f33305004495a9","hash":"0448d542957a2e03717a8d680b2ea3103045655c"}
,"F:\\Travo\\TRAVEL-AND-EXPLORATION-MOBILE-APP\\backend\\routes\\search.js": {"path":"F:\\Travo\\TRAVEL-AND-EXPLORATION-MOBILE-APP\\backend\\routes\\search.js","statementMap":{"0":{"start":{"line":1,"column":15},"end":{"line":1,"column":42}},"1":{"start":{"line":2,"column":25},"end":{"line":2,"column":67}},"2":{"start":{"line":3,"column":13},"end":{"line":3,"column":42}},"3":{"start":{"line":6,"column":0},"end":{"line":6,"column":17}},"4":{"start":{"line":9,"column":0},"end":{"line":9,"column":44}},"5":{"start":{"line":12,"column":0},"end":{"line":12,"column":51}},"6":{"start":{"line":15,"column":0},"end":{"line":15,"column":59}},"7":{"start":{"line":17,"column":0},"end":{"line":17,"column":24}}},"fnMap":{},"branchMap":{},"s":{"0":2,"1":2,"2":2,"3":2,"4":2,"5":2,"6":2,"7":2},"f":{},"b":{},"_coverageSchema":"1a1c01bbd47fc00a2c39e90264f33305004495a9","hash":"62dcbd4fd4f50241ec4548ea2a5786e5df4ffc9c"}
,"F:\\Travo\\TRAVEL-AND-EXPLORATION-MOBILE-APP\\backend\\utils\\logger.js": {"path":"F:\\Travo\\TRAVEL-AND-EXPLORATION-MOBILE-APP\\backend\\utils\\logger.js","statementMap":{"0":{"start":{"line":1,"column":16},"end":{"line":1,"column":34}},"1":{"start":{"line":4,"column":18},"end":{"line":7,"column":1}},"2":{"start":{"line":10,"column":15},"end":{"line":20,"column":2}},"3":{"start":{"line":23,"column":0},"end":{"line":27,"column":1}},"4":{"start":{"line":24,"column":2},"end":{"line":26,"column":6}},"5":{"start":{"line":29,"column":0},"end":{"line":29,"column":24}}},"fnMap":{},"branchMap":{"0":{"loc":{"start":{"line":23,"column":0},"end":{"line":27,"column":1}},"type":"if","locations":[{"start":{"line":23,"column":0},"end":{"line":27,"column":1}},{"start":{},"end":{}}],"line":23}},"s":{"0":2,"1":2,"2":2,"3":2,"4":2,"5":2},"f":{},"b":{"0":[2,0]},"_coverageSchema":"1a1c01bbd47fc00a2c39e90264f33305004495a9","hash":"7ab7173c3754aeaa2badab47dbaa4ce3b399a16d"}
}
